[00:05:02 INF] Starting web host
[00:05:05 INF] ### App Version:1.0.0.0 ###
[00:05:05 INF] ### Pidp Adapter Configuration:{"AddressAutocompleteClient":{"ApiKey":"","Url":""},"ConnectionStrings":{"JumDatabase":""},"ChesClient":{"Enabled":false,"Url":"","ClientId":"","ClientSecret":"","TokenUrl":""},"JustinParticipantClient":{"Url":""},"KafkaCluster":{"Url":"","ClientId":"","ClientSecret":"","BoostrapServers":"","TopicName":""},"Keycloak":{"RealmUrl":"https://common-logon-test.hlth.gov.bc.ca/auth/realms/moh_applications","WellKnownConfig":"https://common-logon-test.hlth.gov.bc.ca/auth/realms/moh_applications/.well-known/openid-configuration","TokenUrl":"https://common-logon-test.hlth.gov.bc.ca/auth/realms/moh_applications/protocol/openid-connect/token","AdministrationUrl":"https://common-logon-test.hlth.gov.bc.ca/auth/admin/realms/moh_applications","AdministrationClientId":"DMFT-WEBAPP","AdministrationClientSecret":"\u003Credacted\u003E","HcimClientId":"HCIMWEB"},"MailServer":{"Url":"","Port":0},"CMS":{"SERVER_URL":"https://localhost:4020","CLIENTSECRET":"wFD{PXu\u002B].!\u00229Nk}","VALIDATESERVERCERTIFICATE":false},"PidpEndorsementAPI":{"Url":"https://test.healthprovideridentityportal.gov.bc.ca/api","ClientId":"DMFT-SERVICE","ClientSecret":"cbfc39c5-3814-44cd-a5f7-36194f7281f9","TokenUrl":"https://common-logon-test.hlth.gov.bc.ca/auth/realms/moh_applications/protocol/openid-connect/token"}} ###
[00:05:11 INF] Now listening on: https://localhost:7215
[00:05:11 INF] Application started. Press Ctrl+C to shut down.
[00:05:11 INF] Hosting environment: Development
[00:05:11 INF] Content root path: C:\Users\sookeke\rsbc-dmf\medical-portal\src\PidpAdpater.API
[00:06:59 INF] HTTP POST /contact/request responded 401 in 959.1274 ms
[00:09:11 ERR] HTTP POST /contact/request responded 500 in 105021.7868 ms
Grpc.Core.RpcException: Status(StatusCode="Cancelled", Detail="", DebugException="System.Threading.Tasks.TaskCanceledException: The request was canceled due to the configured HttpClient.Timeout of 100 seconds elapsing.
 ---> System.TimeoutException: The operation was canceled.
 ---> System.Threading.Tasks.TaskCanceledException: The operation was canceled.
   at System.Net.Http.Http2Connection.Http2Stream.<>c.<WaitForDataAsync>b__80_0(Object s, CancellationToken cancellationToken)
   at System.Threading.CancellationTokenSource.Invoke(Delegate d, Object state, CancellationTokenSource source)
   at System.Threading.CancellationTokenSource.CallbackNode.ExecuteCallback()
   at System.Threading.CancellationTokenSource.ExecuteCallbackHandlers(Boolean throwOnFirstException)
   at System.Threading.CancellationTokenSource.NotifyCancellation(Boolean throwOnFirstException)
   at System.Threading.CancellationTokenSource.TimerCallback(Object state)
   at System.Threading.TimerQueueTimer.CallCallback(Boolean isThreadPool)
   at System.Threading.TimerQueueTimer.Fire(Boolean isThreadPool)
   at System.Threading.TimerQueue.FireNextTimers()
   at System.Threading.TimerQueue.AppDomainTimerCallback(Int32 id)
   at System.Threading.UnmanagedThreadPoolWorkItem.System.Threading.IThreadPoolWorkItem.Execute()
   at System.Threading.ThreadPoolWorkQueue.Dispatch()
   at System.Threading.PortableThreadPool.WorkerThread.WorkerThreadStart()
   at System.Threading.Thread.StartCallback()
--- End of stack trace from previous location ---
   at System.Net.Http.Http2Connection.Http2Stream.System.Threading.Tasks.Sources.IValueTaskSource.GetResult(Int16 token)
   at System.Net.Http.Http2Connection.Http2Stream.ReadResponseHeadersAsync(CancellationToken cancellationToken)
   at System.Net.Http.Http2Connection.SendAsync(HttpRequestMessage request, Boolean async, CancellationToken cancellationToken)
   at System.Net.Http.HttpConnectionPool.SendWithVersionDetectionAndRetryAsync(HttpRequestMessage request, Boolean async, Boolean doRequestAuth, CancellationToken cancellationToken)
   at System.Net.Http.DiagnosticsHandler.SendAsyncCore(HttpRequestMessage request, Boolean async, CancellationToken cancellationToken)
   at System.Net.Http.RedirectHandler.SendAsync(HttpRequestMessage request, Boolean async, CancellationToken cancellationToken)
   at System.Net.Http.HttpClient.<SendAsync>g__Core|83_0(HttpRequestMessage request, HttpCompletionOption completionOption, CancellationTokenSource cts, Boolean disposeCts, CancellationTokenSource pendingRequestsCts, CancellationToken originalCancellationToken)
   --- End of inner exception stack trace ---
   --- End of inner exception stack trace ---
   at System.Net.Http.HttpClient.HandleFailure(Exception e, Boolean telemetryStarted, HttpResponseMessage response, CancellationTokenSource cts, CancellationToken cancellationToken, CancellationTokenSource pendingRequestsCts)
   at System.Net.Http.HttpClient.<SendAsync>g__Core|83_0(HttpRequestMessage request, HttpCompletionOption completionOption, CancellationTokenSource cts, Boolean disposeCts, CancellationTokenSource pendingRequestsCts, CancellationToken originalCancellationToken)
   at Grpc.Net.Client.Internal.GrpcCall`2.RunCall(HttpRequestMessage request, Nullable`1 timeout)")
   at MedicalPortal.API.Features.Users.Commands.CreateUser.CommandHandler.Handle(Command command, CancellationToken cancellationToken) in C:\Users\sookeke\rsbc-dmf\medical-portal\src\PidpAdpater.API\Features\Users\Commands\CreateUser.cs:line 62
   at pdipadapter.PipelineBehaviours.ValidationBehaviour`2.Handle(TRequest request, CancellationToken cancellationToken, RequestHandlerDelegate`1 next) in C:\Users\sookeke\rsbc-dmf\medical-portal\src\PidpAdpater.API\PipelineBehaviours\ValidationBehvaviour.cs:line 23
   at MediatR.Pipeline.RequestExceptionProcessorBehavior`2.Handle(TRequest request, CancellationToken cancellationToken, RequestHandlerDelegate`1 next)
   at MediatR.Pipeline.RequestExceptionProcessorBehavior`2.Handle(TRequest request, CancellationToken cancellationToken, RequestHandlerDelegate`1 next)
   at MediatR.Pipeline.RequestExceptionActionProcessorBehavior`2.Handle(TRequest request, CancellationToken cancellationToken, RequestHandlerDelegate`1 next)
   at MediatR.Pipeline.RequestExceptionActionProcessorBehavior`2.Handle(TRequest request, CancellationToken cancellationToken, RequestHandlerDelegate`1 next)
   at MediatR.Pipeline.RequestPostProcessorBehavior`2.Handle(TRequest request, CancellationToken cancellationToken, RequestHandlerDelegate`1 next)
   at MediatR.Pipeline.RequestPreProcessorBehavior`2.Handle(TRequest request, CancellationToken cancellationToken, RequestHandlerDelegate`1 next)
   at pdipadapter.Features.Users.Controllers.UsersController.CreateContact(Command command) in C:\Users\sookeke\rsbc-dmf\medical-portal\src\PidpAdpater.API\Features\Users\Controllers\UsersController.cs:line 33
   at lambda_method120(Closure , Object )
   at Microsoft.AspNetCore.Mvc.Infrastructure.ActionMethodExecutor.AwaitableObjectResultExecutor.Execute(IActionResultTypeMapper mapper, ObjectMethodExecutor executor, Object controller, Object[] arguments)
   at Microsoft.AspNetCore.Mvc.Infrastructure.ControllerActionInvoker.<InvokeActionMethodAsync>g__Logged|12_1(ControllerActionInvoker invoker)
   at Microsoft.AspNetCore.Mvc.Infrastructure.ControllerActionInvoker.<InvokeNextActionFilterAsync>g__Awaited|10_0(ControllerActionInvoker invoker, Task lastTask, State next, Scope scope, Object state, Boolean isCompleted)
   at Microsoft.AspNetCore.Mvc.Infrastructure.ControllerActionInvoker.Rethrow(ActionExecutedContextSealed context)
   at Microsoft.AspNetCore.Mvc.Infrastructure.ControllerActionInvoker.Next(State& next, Scope& scope, Object& state, Boolean& isCompleted)
   at Microsoft.AspNetCore.Mvc.Infrastructure.ControllerActionInvoker.<InvokeInnerFilterAsync>g__Awaited|13_0(ControllerActionInvoker invoker, Task lastTask, State next, Scope scope, Object state, Boolean isCompleted)
   at Microsoft.AspNetCore.Mvc.Infrastructure.ResourceInvoker.<InvokeFilterPipelineAsync>g__Awaited|20_0(ResourceInvoker invoker, Task lastTask, State next, Scope scope, Object state, Boolean isCompleted)
   at Microsoft.AspNetCore.Mvc.Infrastructure.ResourceInvoker.<InvokeAsync>g__Logged|17_1(ResourceInvoker invoker)
   at Microsoft.AspNetCore.Mvc.Infrastructure.ResourceInvoker.<InvokeAsync>g__Logged|17_1(ResourceInvoker invoker)
   at Microsoft.AspNetCore.Routing.EndpointMiddleware.<Invoke>g__AwaitRequestTask|6_0(Endpoint endpoint, Task requestTask, ILogger logger)
   at Microsoft.AspNetCore.Authorization.Policy.AuthorizationMiddlewareResultHandler.HandleAsync(RequestDelegate next, HttpContext context, AuthorizationPolicy policy, PolicyAuthorizationResult authorizeResult)
   at Microsoft.AspNetCore.Authorization.AuthorizationMiddleware.Invoke(HttpContext context)
   at Microsoft.AspNetCore.Authentication.AuthenticationMiddleware.Invoke(HttpContext context)
   at Serilog.AspNetCore.RequestLoggingMiddleware.Invoke(HttpContext httpContext)
[00:09:11 ERR] An unhandled exception has occurred while executing the request.
Grpc.Core.RpcException: Status(StatusCode="Cancelled", Detail="", DebugException="System.Threading.Tasks.TaskCanceledException: The request was canceled due to the configured HttpClient.Timeout of 100 seconds elapsing.
 ---> System.TimeoutException: The operation was canceled.
 ---> System.Threading.Tasks.TaskCanceledException: The operation was canceled.
   at System.Net.Http.Http2Connection.Http2Stream.<>c.<WaitForDataAsync>b__80_0(Object s, CancellationToken cancellationToken)
   at System.Threading.CancellationTokenSource.Invoke(Delegate d, Object state, CancellationTokenSource source)
   at System.Threading.CancellationTokenSource.CallbackNode.ExecuteCallback()
   at System.Threading.CancellationTokenSource.ExecuteCallbackHandlers(Boolean throwOnFirstException)
   at System.Threading.CancellationTokenSource.NotifyCancellation(Boolean throwOnFirstException)
   at System.Threading.CancellationTokenSource.TimerCallback(Object state)
   at System.Threading.TimerQueueTimer.CallCallback(Boolean isThreadPool)
   at System.Threading.TimerQueueTimer.Fire(Boolean isThreadPool)
   at System.Threading.TimerQueue.FireNextTimers()
   at System.Threading.TimerQueue.AppDomainTimerCallback(Int32 id)
   at System.Threading.UnmanagedThreadPoolWorkItem.System.Threading.IThreadPoolWorkItem.Execute()
   at System.Threading.ThreadPoolWorkQueue.Dispatch()
   at System.Threading.PortableThreadPool.WorkerThread.WorkerThreadStart()
   at System.Threading.Thread.StartCallback()
--- End of stack trace from previous location ---
   at System.Net.Http.Http2Connection.Http2Stream.System.Threading.Tasks.Sources.IValueTaskSource.GetResult(Int16 token)
   at System.Net.Http.Http2Connection.Http2Stream.ReadResponseHeadersAsync(CancellationToken cancellationToken)
   at System.Net.Http.Http2Connection.SendAsync(HttpRequestMessage request, Boolean async, CancellationToken cancellationToken)
   at System.Net.Http.HttpConnectionPool.SendWithVersionDetectionAndRetryAsync(HttpRequestMessage request, Boolean async, Boolean doRequestAuth, CancellationToken cancellationToken)
   at System.Net.Http.DiagnosticsHandler.SendAsyncCore(HttpRequestMessage request, Boolean async, CancellationToken cancellationToken)
   at System.Net.Http.RedirectHandler.SendAsync(HttpRequestMessage request, Boolean async, CancellationToken cancellationToken)
   at System.Net.Http.HttpClient.<SendAsync>g__Core|83_0(HttpRequestMessage request, HttpCompletionOption completionOption, CancellationTokenSource cts, Boolean disposeCts, CancellationTokenSource pendingRequestsCts, CancellationToken originalCancellationToken)
   --- End of inner exception stack trace ---
   --- End of inner exception stack trace ---
   at System.Net.Http.HttpClient.HandleFailure(Exception e, Boolean telemetryStarted, HttpResponseMessage response, CancellationTokenSource cts, CancellationToken cancellationToken, CancellationTokenSource pendingRequestsCts)
   at System.Net.Http.HttpClient.<SendAsync>g__Core|83_0(HttpRequestMessage request, HttpCompletionOption completionOption, CancellationTokenSource cts, Boolean disposeCts, CancellationTokenSource pendingRequestsCts, CancellationToken originalCancellationToken)
   at Grpc.Net.Client.Internal.GrpcCall`2.RunCall(HttpRequestMessage request, Nullable`1 timeout)")
   at MedicalPortal.API.Features.Users.Commands.CreateUser.CommandHandler.Handle(Command command, CancellationToken cancellationToken) in C:\Users\sookeke\rsbc-dmf\medical-portal\src\PidpAdpater.API\Features\Users\Commands\CreateUser.cs:line 62
   at pdipadapter.PipelineBehaviours.ValidationBehaviour`2.Handle(TRequest request, CancellationToken cancellationToken, RequestHandlerDelegate`1 next) in C:\Users\sookeke\rsbc-dmf\medical-portal\src\PidpAdpater.API\PipelineBehaviours\ValidationBehvaviour.cs:line 23
   at MediatR.Pipeline.RequestExceptionProcessorBehavior`2.Handle(TRequest request, CancellationToken cancellationToken, RequestHandlerDelegate`1 next)
   at MediatR.Pipeline.RequestExceptionProcessorBehavior`2.Handle(TRequest request, CancellationToken cancellationToken, RequestHandlerDelegate`1 next)
   at MediatR.Pipeline.RequestExceptionActionProcessorBehavior`2.Handle(TRequest request, CancellationToken cancellationToken, RequestHandlerDelegate`1 next)
   at MediatR.Pipeline.RequestExceptionActionProcessorBehavior`2.Handle(TRequest request, CancellationToken cancellationToken, RequestHandlerDelegate`1 next)
   at MediatR.Pipeline.RequestPostProcessorBehavior`2.Handle(TRequest request, CancellationToken cancellationToken, RequestHandlerDelegate`1 next)
   at MediatR.Pipeline.RequestPreProcessorBehavior`2.Handle(TRequest request, CancellationToken cancellationToken, RequestHandlerDelegate`1 next)
   at pdipadapter.Features.Users.Controllers.UsersController.CreateContact(Command command) in C:\Users\sookeke\rsbc-dmf\medical-portal\src\PidpAdpater.API\Features\Users\Controllers\UsersController.cs:line 33
   at lambda_method120(Closure , Object )
   at Microsoft.AspNetCore.Mvc.Infrastructure.ActionMethodExecutor.AwaitableObjectResultExecutor.Execute(IActionResultTypeMapper mapper, ObjectMethodExecutor executor, Object controller, Object[] arguments)
   at Microsoft.AspNetCore.Mvc.Infrastructure.ControllerActionInvoker.<InvokeActionMethodAsync>g__Logged|12_1(ControllerActionInvoker invoker)
   at Microsoft.AspNetCore.Mvc.Infrastructure.ControllerActionInvoker.<InvokeNextActionFilterAsync>g__Awaited|10_0(ControllerActionInvoker invoker, Task lastTask, State next, Scope scope, Object state, Boolean isCompleted)
   at Microsoft.AspNetCore.Mvc.Infrastructure.ControllerActionInvoker.Rethrow(ActionExecutedContextSealed context)
   at Microsoft.AspNetCore.Mvc.Infrastructure.ControllerActionInvoker.Next(State& next, Scope& scope, Object& state, Boolean& isCompleted)
   at Microsoft.AspNetCore.Mvc.Infrastructure.ControllerActionInvoker.<InvokeInnerFilterAsync>g__Awaited|13_0(ControllerActionInvoker invoker, Task lastTask, State next, Scope scope, Object state, Boolean isCompleted)
   at Microsoft.AspNetCore.Mvc.Infrastructure.ResourceInvoker.<InvokeFilterPipelineAsync>g__Awaited|20_0(ResourceInvoker invoker, Task lastTask, State next, Scope scope, Object state, Boolean isCompleted)
   at Microsoft.AspNetCore.Mvc.Infrastructure.ResourceInvoker.<InvokeAsync>g__Logged|17_1(ResourceInvoker invoker)
   at Microsoft.AspNetCore.Mvc.Infrastructure.ResourceInvoker.<InvokeAsync>g__Logged|17_1(ResourceInvoker invoker)
   at Microsoft.AspNetCore.Routing.EndpointMiddleware.<Invoke>g__AwaitRequestTask|6_0(Endpoint endpoint, Task requestTask, ILogger logger)
   at Microsoft.AspNetCore.Authorization.Policy.AuthorizationMiddlewareResultHandler.HandleAsync(RequestDelegate next, HttpContext context, AuthorizationPolicy policy, PolicyAuthorizationResult authorizeResult)
   at Microsoft.AspNetCore.Authorization.AuthorizationMiddleware.Invoke(HttpContext context)
   at Microsoft.AspNetCore.Authentication.AuthenticationMiddleware.Invoke(HttpContext context)
   at Serilog.AspNetCore.RequestLoggingMiddleware.Invoke(HttpContext httpContext)
   at Swashbuckle.AspNetCore.SwaggerUI.SwaggerUIMiddleware.Invoke(HttpContext httpContext)
   at Swashbuckle.AspNetCore.Swagger.SwaggerMiddleware.Invoke(HttpContext httpContext, ISwaggerProvider swaggerProvider)
   at Microsoft.AspNetCore.Diagnostics.ExceptionHandlerMiddleware.<Invoke>g__Awaited|6_0(ExceptionHandlerMiddleware middleware, HttpContext context, Task task)
[00:09:11 ERR] HTTP POST /error responded 500 in 177.7211 ms
[00:20:15 INF] Starting web host
[00:20:17 INF] ### App Version:1.0.0.0 ###
[00:20:17 INF] ### Pidp Adapter Configuration:{"AddressAutocompleteClient":{"ApiKey":"","Url":""},"ConnectionStrings":{"JumDatabase":""},"ChesClient":{"Enabled":false,"Url":"","ClientId":"","ClientSecret":"","TokenUrl":""},"JustinParticipantClient":{"Url":""},"KafkaCluster":{"Url":"","ClientId":"","ClientSecret":"","BoostrapServers":"","TopicName":""},"Keycloak":{"RealmUrl":"https://common-logon-test.hlth.gov.bc.ca/auth/realms/moh_applications","WellKnownConfig":"https://common-logon-test.hlth.gov.bc.ca/auth/realms/moh_applications/.well-known/openid-configuration","TokenUrl":"https://common-logon-test.hlth.gov.bc.ca/auth/realms/moh_applications/protocol/openid-connect/token","AdministrationUrl":"https://common-logon-test.hlth.gov.bc.ca/auth/admin/realms/moh_applications","AdministrationClientId":"DMFT-WEBAPP","AdministrationClientSecret":"\u003Credacted\u003E","HcimClientId":"HCIMWEB"},"MailServer":{"Url":"","Port":0},"CMS":{"SERVER_URL":"https://localhost:4020","CLIENTSECRET":"wFD{PXu\u002B].!\u00229Nk}","VALIDATESERVERCERTIFICATE":false},"PidpEndorsementAPI":{"Url":"https://test.healthprovideridentityportal.gov.bc.ca/api","ClientId":"DMFT-SERVICE","ClientSecret":"cbfc39c5-3814-44cd-a5f7-36194f7281f9","TokenUrl":"https://common-logon-test.hlth.gov.bc.ca/auth/realms/moh_applications/protocol/openid-connect/token"}} ###
[00:20:24 INF] Now listening on: https://localhost:7215
[00:20:24 INF] Application started. Press Ctrl+C to shut down.
[00:20:24 INF] Hosting environment: Development
[00:20:24 INF] Content root path: C:\Users\sookeke\rsbc-dmf\medical-portal\src\PidpAdpater.API
[00:21:07 ERR] HTTP POST /contact/request responded 500 in 26626.8094 ms
Grpc.Core.RpcException: Status(StatusCode="Unknown", Detail="Exception was thrown by handler. DataServiceRequestException: An error occurred while processing this request. DataServiceClientException: --batchresponse_fbec2c65-fe6e-49ba-9bb1-478ea6aa6b95
Content-Type: multipart/mixed; boundary=changesetresponse_5855c4cb-a5df-4662-8935-1e5f9036d5b6

--changesetresponse_5855c4cb-a5df-4662-8935-1e5f9036d5b6
Content-Type: application/http
Content-Transfer-Encoding: binary
Content-ID: 3

HTTP/1.1 412 Precondition Failed
REQ_ID: 750b17ed-bd57-4fa7-8368-6e077196843c
Content-Type: application/json; odata.metadata=minimal; charset=utf-8
OData-Version: 4.0

{"error":{"code":"0x80040237","message":"A record with matching key values already exists.","innererror":{"message":"Cannot insert duplicate key.","type":"System.ServiceModel.FaultException`1[[Microsoft.Xrm.Sdk.OrganizationServiceFault, Microsoft.Xrm.Sdk, Version=9.0.0.0, Culture=neutral, PublicKeyToken=31bf3856ad364e35]]","stacktrace":"   at Microsoft.Crm.Extensibility.OrganizationSdkServiceInternal.CreateInternal(Entity entity, CorrelationToken correlationToken, CallerOriginToken callerOriginToken, WebServiceType serviceType, Boolean checkAdminMode, Dictionary`2 optionalParameters)\r\n   at Microsoft.Crm.Extensibility.OData.CrmODataExecutionContext.CreateOrganizationResponse(Entity entity)\r\n   at Microsoft.Crm.Extensibility.OData.CrmODataServiceDataProvider.CreateEdmEntity(CrmODataExecutionContext context, String edmEntityName, EdmEntityObject entityObject, Boolean isUpsert)\r\n   at Microsoft.Crm.Extensibility.OData.EntityController.PostEntitySetImplementation(String& entitySetName, EdmEntityObject entityObject)\r\n   at Microsoft.PowerApps.CoreFramework.ActivityLoggerExtensions.Execute[TResult](ILogger logger, EventId eventId, ActivityType activityType, Func`1 func)\r\n   at Microsoft.Xrm.Telemetry.XrmTelemetryExtensions.Execute[TResult](ILogger logger, XrmTelemetryActivityType activityType, Func`1 func)\r\n   at lambda_method(Closure , Object , Object[] )\r\n   at System.Web.Http.Controllers.ReflectedHttpActionDescriptor.ActionExecutor.<>c__DisplayClass10.<GetExecutor>b__9(Object instance, Object[] methodParameters)\r\n   at System.Web.Http.Controllers.ReflectedHttpActionDescriptor.ExecuteAsync(HttpControllerContext controllerContext, IDictionary`2 arguments, CancellationToken cancellationToken)\r\n--- End of stack trace from previous location where exception was thrown ---\r\n   at System.Runtime.ExceptionServices.ExceptionDispatchInfo.Throw()\r\n   at System.Runtime.CompilerServices.TaskAwaiter.HandleNonSuccessAndDebuggerNotification(Task task)\r\n   at System.Web.Http.Controllers.ApiControllerActionInvoker.<InvokeActionAsyncCore>d__0.MoveNext()\r\n--- End of stack trace from previous location where exception was thrown ---\r\n   at System.Runtime.ExceptionServices.ExceptionDispatchInfo.Throw()\r\n   at System.Runtime.CompilerServices.TaskAwaiter.HandleNonSuccessAndDebuggerNotification(Task task)\r\n   at System.Web.Http.Controllers.ActionFilterResult.<ExecuteAsync>d__2.MoveNext()\r\n--- End of stack trace from previous location where exception was thrown ---\r\n   at System.Runtime.ExceptionServices.ExceptionDispatchInfo.Throw()\r\n   at System.Runtime.CompilerServices.TaskAwaiter.HandleNonSuccessAndDebuggerNotification(Task task)\r\n   at System.Web.Http.Dispatcher.HttpControllerDispatcher.<SendAsync>d__1.MoveNext()"}}}
--changesetresponse_5855c4cb-a5df-4662-8935-1e5f9036d5b6--
--batchresponse_fbec2c65-fe6e-49ba-9bb1-478ea6aa6b95--
")
   at MedicalPortal.API.Features.Users.Commands.CreateUser.CommandHandler.Handle(Command command, CancellationToken cancellationToken) in C:\Users\sookeke\rsbc-dmf\medical-portal\src\PidpAdpater.API\Features\Users\Commands\CreateUser.cs:line 62
   at pdipadapter.PipelineBehaviours.ValidationBehaviour`2.Handle(TRequest request, CancellationToken cancellationToken, RequestHandlerDelegate`1 next) in C:\Users\sookeke\rsbc-dmf\medical-portal\src\PidpAdpater.API\PipelineBehaviours\ValidationBehvaviour.cs:line 23
   at MediatR.Pipeline.RequestExceptionProcessorBehavior`2.Handle(TRequest request, CancellationToken cancellationToken, RequestHandlerDelegate`1 next)
   at MediatR.Pipeline.RequestExceptionProcessorBehavior`2.Handle(TRequest request, CancellationToken cancellationToken, RequestHandlerDelegate`1 next)
   at MediatR.Pipeline.RequestExceptionActionProcessorBehavior`2.Handle(TRequest request, CancellationToken cancellationToken, RequestHandlerDelegate`1 next)
   at MediatR.Pipeline.RequestExceptionActionProcessorBehavior`2.Handle(TRequest request, CancellationToken cancellationToken, RequestHandlerDelegate`1 next)
   at MediatR.Pipeline.RequestPostProcessorBehavior`2.Handle(TRequest request, CancellationToken cancellationToken, RequestHandlerDelegate`1 next)
   at MediatR.Pipeline.RequestPreProcessorBehavior`2.Handle(TRequest request, CancellationToken cancellationToken, RequestHandlerDelegate`1 next)
   at pdipadapter.Features.Users.Controllers.UsersController.CreateContact(Command command) in C:\Users\sookeke\rsbc-dmf\medical-portal\src\PidpAdpater.API\Features\Users\Controllers\UsersController.cs:line 33
   at lambda_method117(Closure , Object )
   at Microsoft.AspNetCore.Mvc.Infrastructure.ActionMethodExecutor.AwaitableObjectResultExecutor.Execute(IActionResultTypeMapper mapper, ObjectMethodExecutor executor, Object controller, Object[] arguments)
   at Microsoft.AspNetCore.Mvc.Infrastructure.ControllerActionInvoker.<InvokeActionMethodAsync>g__Logged|12_1(ControllerActionInvoker invoker)
   at Microsoft.AspNetCore.Mvc.Infrastructure.ControllerActionInvoker.<InvokeNextActionFilterAsync>g__Awaited|10_0(ControllerActionInvoker invoker, Task lastTask, State next, Scope scope, Object state, Boolean isCompleted)
   at Microsoft.AspNetCore.Mvc.Infrastructure.ControllerActionInvoker.Rethrow(ActionExecutedContextSealed context)
   at Microsoft.AspNetCore.Mvc.Infrastructure.ControllerActionInvoker.Next(State& next, Scope& scope, Object& state, Boolean& isCompleted)
   at Microsoft.AspNetCore.Mvc.Infrastructure.ControllerActionInvoker.<InvokeInnerFilterAsync>g__Awaited|13_0(ControllerActionInvoker invoker, Task lastTask, State next, Scope scope, Object state, Boolean isCompleted)
   at Microsoft.AspNetCore.Mvc.Infrastructure.ResourceInvoker.<InvokeFilterPipelineAsync>g__Awaited|20_0(ResourceInvoker invoker, Task lastTask, State next, Scope scope, Object state, Boolean isCompleted)
   at Microsoft.AspNetCore.Mvc.Infrastructure.ResourceInvoker.<InvokeAsync>g__Logged|17_1(ResourceInvoker invoker)
   at Microsoft.AspNetCore.Mvc.Infrastructure.ResourceInvoker.<InvokeAsync>g__Logged|17_1(ResourceInvoker invoker)
   at Microsoft.AspNetCore.Routing.EndpointMiddleware.<Invoke>g__AwaitRequestTask|6_0(Endpoint endpoint, Task requestTask, ILogger logger)
   at Microsoft.AspNetCore.Authorization.Policy.AuthorizationMiddlewareResultHandler.HandleAsync(RequestDelegate next, HttpContext context, AuthorizationPolicy policy, PolicyAuthorizationResult authorizeResult)
   at Microsoft.AspNetCore.Authorization.AuthorizationMiddleware.Invoke(HttpContext context)
   at Microsoft.AspNetCore.Authentication.AuthenticationMiddleware.Invoke(HttpContext context)
   at Serilog.AspNetCore.RequestLoggingMiddleware.Invoke(HttpContext httpContext)
   at Swashbuckle.AspNetCore.SwaggerUI.SwaggerUIMiddleware.Invoke(HttpContext httpContext)
   at Swashbuckle.AspNetCore.Swagger.SwaggerMiddleware.Invoke(HttpContext httpContext, ISwaggerProvider swaggerProvider)
   at Microsoft.AspNetCore.Diagnostics.ExceptionHandlerMiddleware.<Invoke>g__Awaited|6_0(ExceptionHandlerMiddleware middleware, HttpContext context, Task task)
[00:21:07 ERR] An unhandled exception has occurred while executing the request.
Grpc.Core.RpcException: Status(StatusCode="Unknown", Detail="Exception was thrown by handler. DataServiceRequestException: An error occurred while processing this request. DataServiceClientException: --batchresponse_fbec2c65-fe6e-49ba-9bb1-478ea6aa6b95
Content-Type: multipart/mixed; boundary=changesetresponse_5855c4cb-a5df-4662-8935-1e5f9036d5b6

--changesetresponse_5855c4cb-a5df-4662-8935-1e5f9036d5b6
Content-Type: application/http
Content-Transfer-Encoding: binary
Content-ID: 3

HTTP/1.1 412 Precondition Failed
REQ_ID: 750b17ed-bd57-4fa7-8368-6e077196843c
Content-Type: application/json; odata.metadata=minimal; charset=utf-8
OData-Version: 4.0

{"error":{"code":"0x80040237","message":"A record with matching key values already exists.","innererror":{"message":"Cannot insert duplicate key.","type":"System.ServiceModel.FaultException`1[[Microsoft.Xrm.Sdk.OrganizationServiceFault, Microsoft.Xrm.Sdk, Version=9.0.0.0, Culture=neutral, PublicKeyToken=31bf3856ad364e35]]","stacktrace":"   at Microsoft.Crm.Extensibility.OrganizationSdkServiceInternal.CreateInternal(Entity entity, CorrelationToken correlationToken, CallerOriginToken callerOriginToken, WebServiceType serviceType, Boolean checkAdminMode, Dictionary`2 optionalParameters)\r\n   at Microsoft.Crm.Extensibility.OData.CrmODataExecutionContext.CreateOrganizationResponse(Entity entity)\r\n   at Microsoft.Crm.Extensibility.OData.CrmODataServiceDataProvider.CreateEdmEntity(CrmODataExecutionContext context, String edmEntityName, EdmEntityObject entityObject, Boolean isUpsert)\r\n   at Microsoft.Crm.Extensibility.OData.EntityController.PostEntitySetImplementation(String& entitySetName, EdmEntityObject entityObject)\r\n   at Microsoft.PowerApps.CoreFramework.ActivityLoggerExtensions.Execute[TResult](ILogger logger, EventId eventId, ActivityType activityType, Func`1 func)\r\n   at Microsoft.Xrm.Telemetry.XrmTelemetryExtensions.Execute[TResult](ILogger logger, XrmTelemetryActivityType activityType, Func`1 func)\r\n   at lambda_method(Closure , Object , Object[] )\r\n   at System.Web.Http.Controllers.ReflectedHttpActionDescriptor.ActionExecutor.<>c__DisplayClass10.<GetExecutor>b__9(Object instance, Object[] methodParameters)\r\n   at System.Web.Http.Controllers.ReflectedHttpActionDescriptor.ExecuteAsync(HttpControllerContext controllerContext, IDictionary`2 arguments, CancellationToken cancellationToken)\r\n--- End of stack trace from previous location where exception was thrown ---\r\n   at System.Runtime.ExceptionServices.ExceptionDispatchInfo.Throw()\r\n   at System.Runtime.CompilerServices.TaskAwaiter.HandleNonSuccessAndDebuggerNotification(Task task)\r\n   at System.Web.Http.Controllers.ApiControllerActionInvoker.<InvokeActionAsyncCore>d__0.MoveNext()\r\n--- End of stack trace from previous location where exception was thrown ---\r\n   at System.Runtime.ExceptionServices.ExceptionDispatchInfo.Throw()\r\n   at System.Runtime.CompilerServices.TaskAwaiter.HandleNonSuccessAndDebuggerNotification(Task task)\r\n   at System.Web.Http.Controllers.ActionFilterResult.<ExecuteAsync>d__2.MoveNext()\r\n--- End of stack trace from previous location where exception was thrown ---\r\n   at System.Runtime.ExceptionServices.ExceptionDispatchInfo.Throw()\r\n   at System.Runtime.CompilerServices.TaskAwaiter.HandleNonSuccessAndDebuggerNotification(Task task)\r\n   at System.Web.Http.Dispatcher.HttpControllerDispatcher.<SendAsync>d__1.MoveNext()"}}}
--changesetresponse_5855c4cb-a5df-4662-8935-1e5f9036d5b6--
--batchresponse_fbec2c65-fe6e-49ba-9bb1-478ea6aa6b95--
")
   at MedicalPortal.API.Features.Users.Commands.CreateUser.CommandHandler.Handle(Command command, CancellationToken cancellationToken) in C:\Users\sookeke\rsbc-dmf\medical-portal\src\PidpAdpater.API\Features\Users\Commands\CreateUser.cs:line 62
   at pdipadapter.PipelineBehaviours.ValidationBehaviour`2.Handle(TRequest request, CancellationToken cancellationToken, RequestHandlerDelegate`1 next) in C:\Users\sookeke\rsbc-dmf\medical-portal\src\PidpAdpater.API\PipelineBehaviours\ValidationBehvaviour.cs:line 23
   at MediatR.Pipeline.RequestExceptionProcessorBehavior`2.Handle(TRequest request, CancellationToken cancellationToken, RequestHandlerDelegate`1 next)
   at MediatR.Pipeline.RequestExceptionProcessorBehavior`2.Handle(TRequest request, CancellationToken cancellationToken, RequestHandlerDelegate`1 next)
   at MediatR.Pipeline.RequestExceptionActionProcessorBehavior`2.Handle(TRequest request, CancellationToken cancellationToken, RequestHandlerDelegate`1 next)
   at MediatR.Pipeline.RequestExceptionActionProcessorBehavior`2.Handle(TRequest request, CancellationToken cancellationToken, RequestHandlerDelegate`1 next)
   at MediatR.Pipeline.RequestPostProcessorBehavior`2.Handle(TRequest request, CancellationToken cancellationToken, RequestHandlerDelegate`1 next)
   at MediatR.Pipeline.RequestPreProcessorBehavior`2.Handle(TRequest request, CancellationToken cancellationToken, RequestHandlerDelegate`1 next)
   at pdipadapter.Features.Users.Controllers.UsersController.CreateContact(Command command) in C:\Users\sookeke\rsbc-dmf\medical-portal\src\PidpAdpater.API\Features\Users\Controllers\UsersController.cs:line 33
   at lambda_method117(Closure , Object )
   at Microsoft.AspNetCore.Mvc.Infrastructure.ActionMethodExecutor.AwaitableObjectResultExecutor.Execute(IActionResultTypeMapper mapper, ObjectMethodExecutor executor, Object controller, Object[] arguments)
   at Microsoft.AspNetCore.Mvc.Infrastructure.ControllerActionInvoker.<InvokeActionMethodAsync>g__Logged|12_1(ControllerActionInvoker invoker)
   at Microsoft.AspNetCore.Mvc.Infrastructure.ControllerActionInvoker.<InvokeNextActionFilterAsync>g__Awaited|10_0(ControllerActionInvoker invoker, Task lastTask, State next, Scope scope, Object state, Boolean isCompleted)
   at Microsoft.AspNetCore.Mvc.Infrastructure.ControllerActionInvoker.Rethrow(ActionExecutedContextSealed context)
   at Microsoft.AspNetCore.Mvc.Infrastructure.ControllerActionInvoker.Next(State& next, Scope& scope, Object& state, Boolean& isCompleted)
   at Microsoft.AspNetCore.Mvc.Infrastructure.ControllerActionInvoker.<InvokeInnerFilterAsync>g__Awaited|13_0(ControllerActionInvoker invoker, Task lastTask, State next, Scope scope, Object state, Boolean isCompleted)
   at Microsoft.AspNetCore.Mvc.Infrastructure.ResourceInvoker.<InvokeFilterPipelineAsync>g__Awaited|20_0(ResourceInvoker invoker, Task lastTask, State next, Scope scope, Object state, Boolean isCompleted)
   at Microsoft.AspNetCore.Mvc.Infrastructure.ResourceInvoker.<InvokeAsync>g__Logged|17_1(ResourceInvoker invoker)
   at Microsoft.AspNetCore.Mvc.Infrastructure.ResourceInvoker.<InvokeAsync>g__Logged|17_1(ResourceInvoker invoker)
   at Microsoft.AspNetCore.Routing.EndpointMiddleware.<Invoke>g__AwaitRequestTask|6_0(Endpoint endpoint, Task requestTask, ILogger logger)
   at Microsoft.AspNetCore.Authorization.Policy.AuthorizationMiddlewareResultHandler.HandleAsync(RequestDelegate next, HttpContext context, AuthorizationPolicy policy, PolicyAuthorizationResult authorizeResult)
   at Microsoft.AspNetCore.Authorization.AuthorizationMiddleware.Invoke(HttpContext context)
   at Microsoft.AspNetCore.Authentication.AuthenticationMiddleware.Invoke(HttpContext context)
   at Serilog.AspNetCore.RequestLoggingMiddleware.Invoke(HttpContext httpContext)
   at Swashbuckle.AspNetCore.SwaggerUI.SwaggerUIMiddleware.Invoke(HttpContext httpContext)
   at Swashbuckle.AspNetCore.Swagger.SwaggerMiddleware.Invoke(HttpContext httpContext, ISwaggerProvider swaggerProvider)
   at Microsoft.AspNetCore.Diagnostics.ExceptionHandlerMiddleware.<Invoke>g__Awaited|6_0(ExceptionHandlerMiddleware middleware, HttpContext context, Task task)
[00:21:07 ERR] HTTP POST /error responded 500 in 173.9474 ms
[00:22:23 INF] Starting web host
[00:22:24 INF] ### App Version:1.0.0.0 ###
[00:22:25 INF] ### Pidp Adapter Configuration:{"AddressAutocompleteClient":{"ApiKey":"","Url":""},"ConnectionStrings":{"JumDatabase":""},"ChesClient":{"Enabled":false,"Url":"","ClientId":"","ClientSecret":"","TokenUrl":""},"JustinParticipantClient":{"Url":""},"KafkaCluster":{"Url":"","ClientId":"","ClientSecret":"","BoostrapServers":"","TopicName":""},"Keycloak":{"RealmUrl":"https://common-logon-test.hlth.gov.bc.ca/auth/realms/moh_applications","WellKnownConfig":"https://common-logon-test.hlth.gov.bc.ca/auth/realms/moh_applications/.well-known/openid-configuration","TokenUrl":"https://common-logon-test.hlth.gov.bc.ca/auth/realms/moh_applications/protocol/openid-connect/token","AdministrationUrl":"https://common-logon-test.hlth.gov.bc.ca/auth/admin/realms/moh_applications","AdministrationClientId":"DMFT-WEBAPP","AdministrationClientSecret":"\u003Credacted\u003E","HcimClientId":"HCIMWEB"},"MailServer":{"Url":"","Port":0},"CMS":{"SERVER_URL":"https://localhost:4020","CLIENTSECRET":"wFD{PXu\u002B].!\u00229Nk}","VALIDATESERVERCERTIFICATE":false},"PidpEndorsementAPI":{"Url":"https://test.healthprovideridentityportal.gov.bc.ca/api","ClientId":"DMFT-SERVICE","ClientSecret":"cbfc39c5-3814-44cd-a5f7-36194f7281f9","TokenUrl":"https://common-logon-test.hlth.gov.bc.ca/auth/realms/moh_applications/protocol/openid-connect/token"}} ###
[00:22:31 INF] Now listening on: https://localhost:7215
[00:22:31 INF] Application started. Press Ctrl+C to shut down.
[00:22:31 INF] Hosting environment: Development
[00:22:31 INF] Content root path: C:\Users\sookeke\rsbc-dmf\medical-portal\src\PidpAdpater.API
[00:23:40 ERR] HTTP POST /contact/request responded 500 in 32691.6874 ms
Grpc.Core.RpcException: Status(StatusCode="Unavailable", Detail="Error starting gRPC call. HttpRequestException: An error occurred while sending the request. IOException: The request was aborted. IOException: Unable to read data from the transport connection: An existing connection was forcibly closed by the remote host.. SocketException: An existing connection was forcibly closed by the remote host.", DebugException="System.Net.Http.HttpRequestException: An error occurred while sending the request.
 ---> System.IO.IOException: The request was aborted.
 ---> System.IO.IOException: Unable to read data from the transport connection: An existing connection was forcibly closed by the remote host..
 ---> System.Net.Sockets.SocketException (10054): An existing connection was forcibly closed by the remote host.
   --- End of inner exception stack trace ---
   at System.Net.Sockets.Socket.AwaitableSocketAsyncEventArgs.ThrowException(SocketError error, CancellationToken cancellationToken)
   at System.Net.Sockets.Socket.AwaitableSocketAsyncEventArgs.System.Threading.Tasks.Sources.IValueTaskSource<System.Int32>.GetResult(Int16 token)
   at System.Net.Security.SslStream.EnsureFullTlsFrameAsync[TIOAdapter](TIOAdapter adapter)
   at System.Net.Security.SslStream.ReadAsyncInternal[TIOAdapter](TIOAdapter adapter, Memory`1 buffer)
   at System.Net.Http.Http2Connection.ProcessIncomingFramesAsync()
   --- End of inner exception stack trace ---
   at System.Net.Http.Http2Connection.ThrowRequestAborted(Exception innerException)
   at System.Net.Http.Http2Connection.Http2Stream.CheckResponseBodyState()
   at System.Net.Http.Http2Connection.Http2Stream.TryEnsureHeaders()
   at System.Net.Http.Http2Connection.Http2Stream.ReadResponseHeadersAsync(CancellationToken cancellationToken)
   at System.Net.Http.Http2Connection.SendAsync(HttpRequestMessage request, Boolean async, CancellationToken cancellationToken)
   --- End of inner exception stack trace ---
   at System.Net.Http.Http2Connection.SendAsync(HttpRequestMessage request, Boolean async, CancellationToken cancellationToken)
   at System.Net.Http.HttpConnectionPool.SendWithVersionDetectionAndRetryAsync(HttpRequestMessage request, Boolean async, Boolean doRequestAuth, CancellationToken cancellationToken)
   at System.Net.Http.DiagnosticsHandler.SendAsyncCore(HttpRequestMessage request, Boolean async, CancellationToken cancellationToken)
   at System.Net.Http.RedirectHandler.SendAsync(HttpRequestMessage request, Boolean async, CancellationToken cancellationToken)
   at System.Net.Http.HttpClient.<SendAsync>g__Core|83_0(HttpRequestMessage request, HttpCompletionOption completionOption, CancellationTokenSource cts, Boolean disposeCts, CancellationTokenSource pendingRequestsCts, CancellationToken originalCancellationToken)
   at Grpc.Net.Client.Internal.GrpcCall`2.RunCall(HttpRequestMessage request, Nullable`1 timeout)")
   at MedicalPortal.API.Features.Users.Commands.CreateUser.CommandHandler.Handle(Command command, CancellationToken cancellationToken) in C:\Users\sookeke\rsbc-dmf\medical-portal\src\PidpAdpater.API\Features\Users\Commands\CreateUser.cs:line 62
   at pdipadapter.PipelineBehaviours.ValidationBehaviour`2.Handle(TRequest request, CancellationToken cancellationToken, RequestHandlerDelegate`1 next) in C:\Users\sookeke\rsbc-dmf\medical-portal\src\PidpAdpater.API\PipelineBehaviours\ValidationBehvaviour.cs:line 23
   at MediatR.Pipeline.RequestExceptionProcessorBehavior`2.Handle(TRequest request, CancellationToken cancellationToken, RequestHandlerDelegate`1 next)
   at MediatR.Pipeline.RequestExceptionProcessorBehavior`2.Handle(TRequest request, CancellationToken cancellationToken, RequestHandlerDelegate`1 next)
   at MediatR.Pipeline.RequestExceptionActionProcessorBehavior`2.Handle(TRequest request, CancellationToken cancellationToken, RequestHandlerDelegate`1 next)
   at MediatR.Pipeline.RequestExceptionActionProcessorBehavior`2.Handle(TRequest request, CancellationToken cancellationToken, RequestHandlerDelegate`1 next)
   at MediatR.Pipeline.RequestPostProcessorBehavior`2.Handle(TRequest request, CancellationToken cancellationToken, RequestHandlerDelegate`1 next)
   at MediatR.Pipeline.RequestPreProcessorBehavior`2.Handle(TRequest request, CancellationToken cancellationToken, RequestHandlerDelegate`1 next)
   at pdipadapter.Features.Users.Controllers.UsersController.CreateContact(Command command) in C:\Users\sookeke\rsbc-dmf\medical-portal\src\PidpAdpater.API\Features\Users\Controllers\UsersController.cs:line 33
   at lambda_method117(Closure , Object )
   at Microsoft.AspNetCore.Mvc.Infrastructure.ActionMethodExecutor.AwaitableObjectResultExecutor.Execute(IActionResultTypeMapper mapper, ObjectMethodExecutor executor, Object controller, Object[] arguments)
   at Microsoft.AspNetCore.Mvc.Infrastructure.ControllerActionInvoker.<InvokeActionMethodAsync>g__Logged|12_1(ControllerActionInvoker invoker)
   at Microsoft.AspNetCore.Mvc.Infrastructure.ControllerActionInvoker.<InvokeNextActionFilterAsync>g__Awaited|10_0(ControllerActionInvoker invoker, Task lastTask, State next, Scope scope, Object state, Boolean isCompleted)
   at Microsoft.AspNetCore.Mvc.Infrastructure.ControllerActionInvoker.Rethrow(ActionExecutedContextSealed context)
   at Microsoft.AspNetCore.Mvc.Infrastructure.ControllerActionInvoker.Next(State& next, Scope& scope, Object& state, Boolean& isCompleted)
   at Microsoft.AspNetCore.Mvc.Infrastructure.ControllerActionInvoker.<InvokeInnerFilterAsync>g__Awaited|13_0(ControllerActionInvoker invoker, Task lastTask, State next, Scope scope, Object state, Boolean isCompleted)
   at Microsoft.AspNetCore.Mvc.Infrastructure.ResourceInvoker.<InvokeFilterPipelineAsync>g__Awaited|20_0(ResourceInvoker invoker, Task lastTask, State next, Scope scope, Object state, Boolean isCompleted)
   at Microsoft.AspNetCore.Mvc.Infrastructure.ResourceInvoker.<InvokeAsync>g__Logged|17_1(ResourceInvoker invoker)
   at Microsoft.AspNetCore.Mvc.Infrastructure.ResourceInvoker.<InvokeAsync>g__Logged|17_1(ResourceInvoker invoker)
   at Microsoft.AspNetCore.Routing.EndpointMiddleware.<Invoke>g__AwaitRequestTask|6_0(Endpoint endpoint, Task requestTask, ILogger logger)
   at Microsoft.AspNetCore.Authorization.Policy.AuthorizationMiddlewareResultHandler.HandleAsync(RequestDelegate next, HttpContext context, AuthorizationPolicy policy, PolicyAuthorizationResult authorizeResult)
   at Microsoft.AspNetCore.Authorization.AuthorizationMiddleware.Invoke(HttpContext context)
   at Microsoft.AspNetCore.Authentication.AuthenticationMiddleware.Invoke(HttpContext context)
   at Serilog.AspNetCore.RequestLoggingMiddleware.Invoke(HttpContext httpContext)
   at Swashbuckle.AspNetCore.SwaggerUI.SwaggerUIMiddleware.Invoke(HttpContext httpContext)
   at Swashbuckle.AspNetCore.Swagger.SwaggerMiddleware.Invoke(HttpContext httpContext, ISwaggerProvider swaggerProvider)
   at Microsoft.AspNetCore.Diagnostics.ExceptionHandlerMiddleware.<Invoke>g__Awaited|6_0(ExceptionHandlerMiddleware middleware, HttpContext context, Task task)
[00:23:40 ERR] An unhandled exception has occurred while executing the request.
Grpc.Core.RpcException: Status(StatusCode="Unavailable", Detail="Error starting gRPC call. HttpRequestException: An error occurred while sending the request. IOException: The request was aborted. IOException: Unable to read data from the transport connection: An existing connection was forcibly closed by the remote host.. SocketException: An existing connection was forcibly closed by the remote host.", DebugException="System.Net.Http.HttpRequestException: An error occurred while sending the request.
 ---> System.IO.IOException: The request was aborted.
 ---> System.IO.IOException: Unable to read data from the transport connection: An existing connection was forcibly closed by the remote host..
 ---> System.Net.Sockets.SocketException (10054): An existing connection was forcibly closed by the remote host.
   --- End of inner exception stack trace ---
   at System.Net.Sockets.Socket.AwaitableSocketAsyncEventArgs.ThrowException(SocketError error, CancellationToken cancellationToken)
   at System.Net.Sockets.Socket.AwaitableSocketAsyncEventArgs.System.Threading.Tasks.Sources.IValueTaskSource<System.Int32>.GetResult(Int16 token)
   at System.Net.Security.SslStream.EnsureFullTlsFrameAsync[TIOAdapter](TIOAdapter adapter)
   at System.Net.Security.SslStream.ReadAsyncInternal[TIOAdapter](TIOAdapter adapter, Memory`1 buffer)
   at System.Net.Http.Http2Connection.ProcessIncomingFramesAsync()
   --- End of inner exception stack trace ---
   at System.Net.Http.Http2Connection.ThrowRequestAborted(Exception innerException)
   at System.Net.Http.Http2Connection.Http2Stream.CheckResponseBodyState()
   at System.Net.Http.Http2Connection.Http2Stream.TryEnsureHeaders()
   at System.Net.Http.Http2Connection.Http2Stream.ReadResponseHeadersAsync(CancellationToken cancellationToken)
   at System.Net.Http.Http2Connection.SendAsync(HttpRequestMessage request, Boolean async, CancellationToken cancellationToken)
   --- End of inner exception stack trace ---
   at System.Net.Http.Http2Connection.SendAsync(HttpRequestMessage request, Boolean async, CancellationToken cancellationToken)
   at System.Net.Http.HttpConnectionPool.SendWithVersionDetectionAndRetryAsync(HttpRequestMessage request, Boolean async, Boolean doRequestAuth, CancellationToken cancellationToken)
   at System.Net.Http.DiagnosticsHandler.SendAsyncCore(HttpRequestMessage request, Boolean async, CancellationToken cancellationToken)
   at System.Net.Http.RedirectHandler.SendAsync(HttpRequestMessage request, Boolean async, CancellationToken cancellationToken)
   at System.Net.Http.HttpClient.<SendAsync>g__Core|83_0(HttpRequestMessage request, HttpCompletionOption completionOption, CancellationTokenSource cts, Boolean disposeCts, CancellationTokenSource pendingRequestsCts, CancellationToken originalCancellationToken)
   at Grpc.Net.Client.Internal.GrpcCall`2.RunCall(HttpRequestMessage request, Nullable`1 timeout)")
   at MedicalPortal.API.Features.Users.Commands.CreateUser.CommandHandler.Handle(Command command, CancellationToken cancellationToken) in C:\Users\sookeke\rsbc-dmf\medical-portal\src\PidpAdpater.API\Features\Users\Commands\CreateUser.cs:line 62
   at pdipadapter.PipelineBehaviours.ValidationBehaviour`2.Handle(TRequest request, CancellationToken cancellationToken, RequestHandlerDelegate`1 next) in C:\Users\sookeke\rsbc-dmf\medical-portal\src\PidpAdpater.API\PipelineBehaviours\ValidationBehvaviour.cs:line 23
   at MediatR.Pipeline.RequestExceptionProcessorBehavior`2.Handle(TRequest request, CancellationToken cancellationToken, RequestHandlerDelegate`1 next)
   at MediatR.Pipeline.RequestExceptionProcessorBehavior`2.Handle(TRequest request, CancellationToken cancellationToken, RequestHandlerDelegate`1 next)
   at MediatR.Pipeline.RequestExceptionActionProcessorBehavior`2.Handle(TRequest request, CancellationToken cancellationToken, RequestHandlerDelegate`1 next)
   at MediatR.Pipeline.RequestExceptionActionProcessorBehavior`2.Handle(TRequest request, CancellationToken cancellationToken, RequestHandlerDelegate`1 next)
   at MediatR.Pipeline.RequestPostProcessorBehavior`2.Handle(TRequest request, CancellationToken cancellationToken, RequestHandlerDelegate`1 next)
   at MediatR.Pipeline.RequestPreProcessorBehavior`2.Handle(TRequest request, CancellationToken cancellationToken, RequestHandlerDelegate`1 next)
   at pdipadapter.Features.Users.Controllers.UsersController.CreateContact(Command command) in C:\Users\sookeke\rsbc-dmf\medical-portal\src\PidpAdpater.API\Features\Users\Controllers\UsersController.cs:line 33
   at lambda_method117(Closure , Object )
   at Microsoft.AspNetCore.Mvc.Infrastructure.ActionMethodExecutor.AwaitableObjectResultExecutor.Execute(IActionResultTypeMapper mapper, ObjectMethodExecutor executor, Object controller, Object[] arguments)
   at Microsoft.AspNetCore.Mvc.Infrastructure.ControllerActionInvoker.<InvokeActionMethodAsync>g__Logged|12_1(ControllerActionInvoker invoker)
   at Microsoft.AspNetCore.Mvc.Infrastructure.ControllerActionInvoker.<InvokeNextActionFilterAsync>g__Awaited|10_0(ControllerActionInvoker invoker, Task lastTask, State next, Scope scope, Object state, Boolean isCompleted)
   at Microsoft.AspNetCore.Mvc.Infrastructure.ControllerActionInvoker.Rethrow(ActionExecutedContextSealed context)
   at Microsoft.AspNetCore.Mvc.Infrastructure.ControllerActionInvoker.Next(State& next, Scope& scope, Object& state, Boolean& isCompleted)
   at Microsoft.AspNetCore.Mvc.Infrastructure.ControllerActionInvoker.<InvokeInnerFilterAsync>g__Awaited|13_0(ControllerActionInvoker invoker, Task lastTask, State next, Scope scope, Object state, Boolean isCompleted)
   at Microsoft.AspNetCore.Mvc.Infrastructure.ResourceInvoker.<InvokeFilterPipelineAsync>g__Awaited|20_0(ResourceInvoker invoker, Task lastTask, State next, Scope scope, Object state, Boolean isCompleted)
   at Microsoft.AspNetCore.Mvc.Infrastructure.ResourceInvoker.<InvokeAsync>g__Logged|17_1(ResourceInvoker invoker)
   at Microsoft.AspNetCore.Mvc.Infrastructure.ResourceInvoker.<InvokeAsync>g__Logged|17_1(ResourceInvoker invoker)
   at Microsoft.AspNetCore.Routing.EndpointMiddleware.<Invoke>g__AwaitRequestTask|6_0(Endpoint endpoint, Task requestTask, ILogger logger)
   at Microsoft.AspNetCore.Authorization.Policy.AuthorizationMiddlewareResultHandler.HandleAsync(RequestDelegate next, HttpContext context, AuthorizationPolicy policy, PolicyAuthorizationResult authorizeResult)
   at Microsoft.AspNetCore.Authorization.AuthorizationMiddleware.Invoke(HttpContext context)
   at Microsoft.AspNetCore.Authentication.AuthenticationMiddleware.Invoke(HttpContext context)
   at Serilog.AspNetCore.RequestLoggingMiddleware.Invoke(HttpContext httpContext)
   at Swashbuckle.AspNetCore.SwaggerUI.SwaggerUIMiddleware.Invoke(HttpContext httpContext)
   at Swashbuckle.AspNetCore.Swagger.SwaggerMiddleware.Invoke(HttpContext httpContext, ISwaggerProvider swaggerProvider)
   at Microsoft.AspNetCore.Diagnostics.ExceptionHandlerMiddleware.<Invoke>g__Awaited|6_0(ExceptionHandlerMiddleware middleware, HttpContext context, Task task)
[00:23:40 ERR] HTTP POST /error responded 500 in 165.4589 ms
[00:36:39 INF] Starting web host
[00:36:43 INF] ### App Version:1.0.0.0 ###
[00:36:43 INF] ### Pidp Adapter Configuration:{"AddressAutocompleteClient":{"ApiKey":"","Url":""},"ConnectionStrings":{"JumDatabase":""},"ChesClient":{"Enabled":false,"Url":"","ClientId":"","ClientSecret":"","TokenUrl":""},"JustinParticipantClient":{"Url":""},"KafkaCluster":{"Url":"","ClientId":"","ClientSecret":"","BoostrapServers":"","TopicName":""},"Keycloak":{"RealmUrl":"https://common-logon-test.hlth.gov.bc.ca/auth/realms/moh_applications","WellKnownConfig":"https://common-logon-test.hlth.gov.bc.ca/auth/realms/moh_applications/.well-known/openid-configuration","TokenUrl":"https://common-logon-test.hlth.gov.bc.ca/auth/realms/moh_applications/protocol/openid-connect/token","AdministrationUrl":"https://common-logon-test.hlth.gov.bc.ca/auth/admin/realms/moh_applications","AdministrationClientId":"DMFT-WEBAPP","AdministrationClientSecret":"\u003Credacted\u003E","HcimClientId":"HCIMWEB"},"MailServer":{"Url":"","Port":0},"CMS":{"SERVER_URL":"https://localhost:4020","CLIENTSECRET":"wFD{PXu\u002B].!\u00229Nk}","VALIDATESERVERCERTIFICATE":false},"PidpEndorsementAPI":{"Url":"https://test.healthprovideridentityportal.gov.bc.ca/api","ClientId":"DMFT-SERVICE","ClientSecret":"cbfc39c5-3814-44cd-a5f7-36194f7281f9","TokenUrl":"https://common-logon-test.hlth.gov.bc.ca/auth/realms/moh_applications/protocol/openid-connect/token"}} ###
[00:36:49 FTL] Host terminated unexpectedly
Grpc.Core.RpcException: Status(StatusCode="Unavailable", Detail="Error starting gRPC call. HttpRequestException: No connection could be made because the target machine actively refused it. (localhost:4020) SocketException: No connection could be made because the target machine actively refused it.", DebugException="System.Net.Http.HttpRequestException: No connection could be made because the target machine actively refused it. (localhost:4020)
 ---> System.Net.Sockets.SocketException (10061): No connection could be made because the target machine actively refused it.
   at System.Net.Sockets.Socket.AwaitableSocketAsyncEventArgs.ThrowException(SocketError error, CancellationToken cancellationToken)
   at System.Net.Sockets.Socket.AwaitableSocketAsyncEventArgs.System.Threading.Tasks.Sources.IValueTaskSource.GetResult(Int16 token)
   at System.Net.Sockets.Socket.<ConnectAsync>g__WaitForConnectWithCancellation|277_0(AwaitableSocketAsyncEventArgs saea, ValueTask connectTask, CancellationToken cancellationToken)
   at System.Net.Http.HttpConnectionPool.ConnectToTcpHostAsync(String host, Int32 port, HttpRequestMessage initialRequest, Boolean async, CancellationToken cancellationToken)
   --- End of inner exception stack trace ---
   at System.Net.Http.HttpConnectionPool.ConnectToTcpHostAsync(String host, Int32 port, HttpRequestMessage initialRequest, Boolean async, CancellationToken cancellationToken)
   at System.Net.Http.HttpConnectionPool.ConnectAsync(HttpRequestMessage request, Boolean async, CancellationToken cancellationToken)
   at System.Net.Http.HttpConnectionPool.AddHttp2ConnectionAsync(HttpRequestMessage request)
   at System.Threading.Tasks.TaskCompletionSourceWithCancellation`1.WaitWithCancellationAsync(CancellationToken cancellationToken)
   at System.Net.Http.HttpConnectionPool.GetHttp2ConnectionAsync(HttpRequestMessage request, Boolean async, CancellationToken cancellationToken)
   at System.Net.Http.HttpConnectionPool.SendWithVersionDetectionAndRetryAsync(HttpRequestMessage request, Boolean async, Boolean doRequestAuth, CancellationToken cancellationToken)
   at System.Net.Http.DiagnosticsHandler.SendAsyncCore(HttpRequestMessage request, Boolean async, CancellationToken cancellationToken)
   at System.Net.Http.RedirectHandler.SendAsync(HttpRequestMessage request, Boolean async, CancellationToken cancellationToken)
   at System.Net.Http.HttpClient.<SendAsync>g__Core|83_0(HttpRequestMessage request, HttpCompletionOption completionOption, CancellationTokenSource cts, Boolean disposeCts, CancellationTokenSource pendingRequestsCts, CancellationToken originalCancellationToken)
   at Grpc.Net.Client.Internal.GrpcCall`2.RunCall(HttpRequestMessage request, Nullable`1 timeout)")
   at Grpc.Net.Client.Internal.HttpClientCallInvoker.BlockingUnaryCall[TRequest,TResponse](Method`2 method, String host, CallOptions options, TRequest request)
   at Grpc.Core.Interceptors.InterceptingCallInvoker.<BlockingUnaryCall>b__3_0[TRequest,TResponse](TRequest req, ClientInterceptorContext`2 ctx)
   at Grpc.Core.ClientBase.ClientBaseConfiguration.ClientBaseConfigurationInterceptor.BlockingUnaryCall[TRequest,TResponse](TRequest request, ClientInterceptorContext`2 context, BlockingUnaryCallContinuation`2 continuation)
   at Grpc.Core.Interceptors.InterceptingCallInvoker.BlockingUnaryCall[TRequest,TResponse](Method`2 method, String host, CallOptions options, TRequest request)
   at Rsbc.Dmf.CaseManagement.Service.CaseManager.CaseManagerClient.GetToken(TokenRequest request, CallOptions options) in C:\Users\sookeke\rsbc-dmf\medical-portal\src\PidpAdpater.API\obj\Debug\net6.0\CmsAdapterGrpc.cs:line 690
   at Rsbc.Dmf.CaseManagement.Service.CaseManager.CaseManagerClient.GetToken(TokenRequest request, Metadata headers, Nullable`1 deadline, CancellationToken cancellationToken) in C:\Users\sookeke\rsbc-dmf\medical-portal\src\PidpAdpater.API\obj\Debug\net6.0\CmsAdapterGrpc.cs:line 679
   at PidpAdapter.API.Infrastructure.CmsAdapterConfiguration.AddCmsAdapterGrpcService(IServiceCollection services, PdipadapterConfiguration config) in C:\Users\sookeke\rsbc-dmf\medical-portal\src\PidpAdpater.API\Infrastructure\CmsAdapterConfiguration.cs:line 47
   at pdipadapter.Startup.ConfigureServices(IServiceCollection services) in C:\Users\sookeke\rsbc-dmf\medical-portal\src\PidpAdpater.API\Startup.cs:line 127
   at System.RuntimeMethodHandle.InvokeMethod(Object target, Span`1& arguments, Signature sig, Boolean constructor, Boolean wrapExceptions)
   at System.Reflection.RuntimeMethodInfo.Invoke(Object obj, BindingFlags invokeAttr, Binder binder, Object[] parameters, CultureInfo culture)
   at Microsoft.AspNetCore.Hosting.ConfigureServicesBuilder.InvokeCore(Object instance, IServiceCollection services)
   at Microsoft.AspNetCore.Hosting.ConfigureServicesBuilder.<>c__DisplayClass9_0.<Invoke>g__Startup|0(IServiceCollection serviceCollection)
   at Microsoft.AspNetCore.Hosting.ConfigureServicesBuilder.Invoke(Object instance, IServiceCollection services)
   at Microsoft.AspNetCore.Hosting.ConfigureServicesBuilder.<>c__DisplayClass8_0.<Build>b__0(IServiceCollection services)
   at Microsoft.AspNetCore.Hosting.GenericWebHostBuilder.UseStartup(Type startupType, HostBuilderContext context, IServiceCollection services, Object instance)
   at Microsoft.AspNetCore.Hosting.GenericWebHostBuilder.<>c__DisplayClass13_0.<UseStartup>b__0(HostBuilderContext context, IServiceCollection services)
   at Microsoft.Extensions.Hosting.HostBuilder.CreateServiceProvider()
   at Microsoft.Extensions.Hosting.HostBuilder.Build()
   at pdipadapter.Program.Main(String[] args) in C:\Users\sookeke\rsbc-dmf\medical-portal\src\PidpAdpater.API\Program.cs:line 26
[00:38:47 INF] Starting web host
[00:38:48 INF] ### App Version:1.0.0.0 ###
[00:38:48 INF] ### Pidp Adapter Configuration:{"AddressAutocompleteClient":{"ApiKey":"","Url":""},"ConnectionStrings":{"JumDatabase":""},"ChesClient":{"Enabled":false,"Url":"","ClientId":"","ClientSecret":"","TokenUrl":""},"JustinParticipantClient":{"Url":""},"KafkaCluster":{"Url":"","ClientId":"","ClientSecret":"","BoostrapServers":"","TopicName":""},"Keycloak":{"RealmUrl":"https://common-logon-test.hlth.gov.bc.ca/auth/realms/moh_applications","WellKnownConfig":"https://common-logon-test.hlth.gov.bc.ca/auth/realms/moh_applications/.well-known/openid-configuration","TokenUrl":"https://common-logon-test.hlth.gov.bc.ca/auth/realms/moh_applications/protocol/openid-connect/token","AdministrationUrl":"https://common-logon-test.hlth.gov.bc.ca/auth/admin/realms/moh_applications","AdministrationClientId":"DMFT-WEBAPP","AdministrationClientSecret":"\u003Credacted\u003E","HcimClientId":"HCIMWEB"},"MailServer":{"Url":"","Port":0},"CMS":{"SERVER_URL":"https://localhost:4020","CLIENTSECRET":"wFD{PXu\u002B].!\u00229Nk}","VALIDATESERVERCERTIFICATE":false},"PidpEndorsementAPI":{"Url":"https://test.healthprovideridentityportal.gov.bc.ca/api","ClientId":"DMFT-SERVICE","ClientSecret":"cbfc39c5-3814-44cd-a5f7-36194f7281f9","TokenUrl":"https://common-logon-test.hlth.gov.bc.ca/auth/realms/moh_applications/protocol/openid-connect/token"}} ###
[00:38:53 INF] Now listening on: https://localhost:7215
[00:38:53 INF] Application started. Press Ctrl+C to shut down.
[00:38:53 INF] Hosting environment: Development
[00:38:53 INF] Content root path: C:\Users\sookeke\rsbc-dmf\medical-portal\src\PidpAdpater.API
[00:39:47 ERR] HTTP POST /contact/request responded 500 in 46474.8769 ms
Grpc.Core.RpcException: Status(StatusCode="Unknown", Detail="Exception was thrown by handler. DataServiceRequestException: An error occurred while processing this request. DataServiceClientException: --batchresponse_e62067c5-29f4-4c28-aa10-cbd9ee95f98b
Content-Type: multipart/mixed; boundary=changesetresponse_b0399c2d-aa9c-481c-8a5e-7c5ca8c71702

--changesetresponse_b0399c2d-aa9c-481c-8a5e-7c5ca8c71702
Content-Type: application/http
Content-Transfer-Encoding: binary
Content-ID: 3

HTTP/1.1 412 Precondition Failed
REQ_ID: 69fdb445-7e89-4c47-98c5-ef60a0c01678
Content-Type: application/json; odata.metadata=minimal; charset=utf-8
OData-Version: 4.0

{"error":{"code":"0x80040237","message":"A record with matching key values already exists.","innererror":{"message":"Cannot insert duplicate key.","type":"System.ServiceModel.FaultException`1[[Microsoft.Xrm.Sdk.OrganizationServiceFault, Microsoft.Xrm.Sdk, Version=9.0.0.0, Culture=neutral, PublicKeyToken=31bf3856ad364e35]]","stacktrace":"   at Microsoft.Crm.Extensibility.OrganizationSdkServiceInternal.CreateInternal(Entity entity, CorrelationToken correlationToken, CallerOriginToken callerOriginToken, WebServiceType serviceType, Boolean checkAdminMode, Dictionary`2 optionalParameters)\r\n   at Microsoft.Crm.Extensibility.OData.CrmODataExecutionContext.CreateOrganizationResponse(Entity entity)\r\n   at Microsoft.Crm.Extensibility.OData.CrmODataServiceDataProvider.CreateEdmEntity(CrmODataExecutionContext context, String edmEntityName, EdmEntityObject entityObject, Boolean isUpsert)\r\n   at Microsoft.Crm.Extensibility.OData.EntityController.PostEntitySetImplementation(String& entitySetName, EdmEntityObject entityObject)\r\n   at Microsoft.PowerApps.CoreFramework.ActivityLoggerExtensions.Execute[TResult](ILogger logger, EventId eventId, ActivityType activityType, Func`1 func)\r\n   at Microsoft.Xrm.Telemetry.XrmTelemetryExtensions.Execute[TResult](ILogger logger, XrmTelemetryActivityType activityType, Func`1 func)\r\n   at lambda_method(Closure , Object , Object[] )\r\n   at System.Web.Http.Controllers.ReflectedHttpActionDescriptor.ActionExecutor.<>c__DisplayClass10.<GetExecutor>b__9(Object instance, Object[] methodParameters)\r\n   at System.Web.Http.Controllers.ReflectedHttpActionDescriptor.ExecuteAsync(HttpControllerContext controllerContext, IDictionary`2 arguments, CancellationToken cancellationToken)\r\n--- End of stack trace from previous location where exception was thrown ---\r\n   at System.Runtime.ExceptionServices.ExceptionDispatchInfo.Throw()\r\n   at System.Runtime.CompilerServices.TaskAwaiter.HandleNonSuccessAndDebuggerNotification(Task task)\r\n   at System.Web.Http.Controllers.ApiControllerActionInvoker.<InvokeActionAsyncCore>d__0.MoveNext()\r\n--- End of stack trace from previous location where exception was thrown ---\r\n   at System.Runtime.ExceptionServices.ExceptionDispatchInfo.Throw()\r\n   at System.Runtime.CompilerServices.TaskAwaiter.HandleNonSuccessAndDebuggerNotification(Task task)\r\n   at System.Web.Http.Controllers.ActionFilterResult.<ExecuteAsync>d__2.MoveNext()\r\n--- End of stack trace from previous location where exception was thrown ---\r\n   at System.Runtime.ExceptionServices.ExceptionDispatchInfo.Throw()\r\n   at System.Runtime.CompilerServices.TaskAwaiter.HandleNonSuccessAndDebuggerNotification(Task task)\r\n   at System.Web.Http.Dispatcher.HttpControllerDispatcher.<SendAsync>d__1.MoveNext()"}}}
--changesetresponse_b0399c2d-aa9c-481c-8a5e-7c5ca8c71702--
--batchresponse_e62067c5-29f4-4c28-aa10-cbd9ee95f98b--
")
   at MedicalPortal.API.Features.Users.Commands.CreateUser.CommandHandler.Handle(Command command, CancellationToken cancellationToken) in C:\Users\sookeke\rsbc-dmf\medical-portal\src\PidpAdpater.API\Features\Users\Commands\CreateUser.cs:line 62
   at pdipadapter.PipelineBehaviours.ValidationBehaviour`2.Handle(TRequest request, CancellationToken cancellationToken, RequestHandlerDelegate`1 next) in C:\Users\sookeke\rsbc-dmf\medical-portal\src\PidpAdpater.API\PipelineBehaviours\ValidationBehvaviour.cs:line 23
   at MediatR.Pipeline.RequestExceptionProcessorBehavior`2.Handle(TRequest request, CancellationToken cancellationToken, RequestHandlerDelegate`1 next)
   at MediatR.Pipeline.RequestExceptionProcessorBehavior`2.Handle(TRequest request, CancellationToken cancellationToken, RequestHandlerDelegate`1 next)
   at MediatR.Pipeline.RequestExceptionActionProcessorBehavior`2.Handle(TRequest request, CancellationToken cancellationToken, RequestHandlerDelegate`1 next)
   at MediatR.Pipeline.RequestExceptionActionProcessorBehavior`2.Handle(TRequest request, CancellationToken cancellationToken, RequestHandlerDelegate`1 next)
   at MediatR.Pipeline.RequestPostProcessorBehavior`2.Handle(TRequest request, CancellationToken cancellationToken, RequestHandlerDelegate`1 next)
   at MediatR.Pipeline.RequestPreProcessorBehavior`2.Handle(TRequest request, CancellationToken cancellationToken, RequestHandlerDelegate`1 next)
   at pdipadapter.Features.Users.Controllers.UsersController.CreateContact(Command command) in C:\Users\sookeke\rsbc-dmf\medical-portal\src\PidpAdpater.API\Features\Users\Controllers\UsersController.cs:line 33
   at lambda_method117(Closure , Object )
   at Microsoft.AspNetCore.Mvc.Infrastructure.ActionMethodExecutor.AwaitableObjectResultExecutor.Execute(IActionResultTypeMapper mapper, ObjectMethodExecutor executor, Object controller, Object[] arguments)
   at Microsoft.AspNetCore.Mvc.Infrastructure.ControllerActionInvoker.<InvokeActionMethodAsync>g__Logged|12_1(ControllerActionInvoker invoker)
   at Microsoft.AspNetCore.Mvc.Infrastructure.ControllerActionInvoker.<InvokeNextActionFilterAsync>g__Awaited|10_0(ControllerActionInvoker invoker, Task lastTask, State next, Scope scope, Object state, Boolean isCompleted)
   at Microsoft.AspNetCore.Mvc.Infrastructure.ControllerActionInvoker.Rethrow(ActionExecutedContextSealed context)
   at Microsoft.AspNetCore.Mvc.Infrastructure.ControllerActionInvoker.Next(State& next, Scope& scope, Object& state, Boolean& isCompleted)
   at Microsoft.AspNetCore.Mvc.Infrastructure.ControllerActionInvoker.<InvokeInnerFilterAsync>g__Awaited|13_0(ControllerActionInvoker invoker, Task lastTask, State next, Scope scope, Object state, Boolean isCompleted)
   at Microsoft.AspNetCore.Mvc.Infrastructure.ResourceInvoker.<InvokeFilterPipelineAsync>g__Awaited|20_0(ResourceInvoker invoker, Task lastTask, State next, Scope scope, Object state, Boolean isCompleted)
   at Microsoft.AspNetCore.Mvc.Infrastructure.ResourceInvoker.<InvokeAsync>g__Logged|17_1(ResourceInvoker invoker)
   at Microsoft.AspNetCore.Mvc.Infrastructure.ResourceInvoker.<InvokeAsync>g__Logged|17_1(ResourceInvoker invoker)
   at Microsoft.AspNetCore.Routing.EndpointMiddleware.<Invoke>g__AwaitRequestTask|6_0(Endpoint endpoint, Task requestTask, ILogger logger)
   at Microsoft.AspNetCore.Authorization.Policy.AuthorizationMiddlewareResultHandler.HandleAsync(RequestDelegate next, HttpContext context, AuthorizationPolicy policy, PolicyAuthorizationResult authorizeResult)
   at Microsoft.AspNetCore.Authorization.AuthorizationMiddleware.Invoke(HttpContext context)
   at Microsoft.AspNetCore.Authentication.AuthenticationMiddleware.Invoke(HttpContext context)
   at Serilog.AspNetCore.RequestLoggingMiddleware.Invoke(HttpContext httpContext)
   at Swashbuckle.AspNetCore.SwaggerUI.SwaggerUIMiddleware.Invoke(HttpContext httpContext)
   at Swashbuckle.AspNetCore.Swagger.SwaggerMiddleware.Invoke(HttpContext httpContext, ISwaggerProvider swaggerProvider)
   at Microsoft.AspNetCore.Diagnostics.ExceptionHandlerMiddleware.<Invoke>g__Awaited|6_0(ExceptionHandlerMiddleware middleware, HttpContext context, Task task)
[00:39:48 ERR] An unhandled exception has occurred while executing the request.
Grpc.Core.RpcException: Status(StatusCode="Unknown", Detail="Exception was thrown by handler. DataServiceRequestException: An error occurred while processing this request. DataServiceClientException: --batchresponse_e62067c5-29f4-4c28-aa10-cbd9ee95f98b
Content-Type: multipart/mixed; boundary=changesetresponse_b0399c2d-aa9c-481c-8a5e-7c5ca8c71702

--changesetresponse_b0399c2d-aa9c-481c-8a5e-7c5ca8c71702
Content-Type: application/http
Content-Transfer-Encoding: binary
Content-ID: 3

HTTP/1.1 412 Precondition Failed
REQ_ID: 69fdb445-7e89-4c47-98c5-ef60a0c01678
Content-Type: application/json; odata.metadata=minimal; charset=utf-8
OData-Version: 4.0

{"error":{"code":"0x80040237","message":"A record with matching key values already exists.","innererror":{"message":"Cannot insert duplicate key.","type":"System.ServiceModel.FaultException`1[[Microsoft.Xrm.Sdk.OrganizationServiceFault, Microsoft.Xrm.Sdk, Version=9.0.0.0, Culture=neutral, PublicKeyToken=31bf3856ad364e35]]","stacktrace":"   at Microsoft.Crm.Extensibility.OrganizationSdkServiceInternal.CreateInternal(Entity entity, CorrelationToken correlationToken, CallerOriginToken callerOriginToken, WebServiceType serviceType, Boolean checkAdminMode, Dictionary`2 optionalParameters)\r\n   at Microsoft.Crm.Extensibility.OData.CrmODataExecutionContext.CreateOrganizationResponse(Entity entity)\r\n   at Microsoft.Crm.Extensibility.OData.CrmODataServiceDataProvider.CreateEdmEntity(CrmODataExecutionContext context, String edmEntityName, EdmEntityObject entityObject, Boolean isUpsert)\r\n   at Microsoft.Crm.Extensibility.OData.EntityController.PostEntitySetImplementation(String& entitySetName, EdmEntityObject entityObject)\r\n   at Microsoft.PowerApps.CoreFramework.ActivityLoggerExtensions.Execute[TResult](ILogger logger, EventId eventId, ActivityType activityType, Func`1 func)\r\n   at Microsoft.Xrm.Telemetry.XrmTelemetryExtensions.Execute[TResult](ILogger logger, XrmTelemetryActivityType activityType, Func`1 func)\r\n   at lambda_method(Closure , Object , Object[] )\r\n   at System.Web.Http.Controllers.ReflectedHttpActionDescriptor.ActionExecutor.<>c__DisplayClass10.<GetExecutor>b__9(Object instance, Object[] methodParameters)\r\n   at System.Web.Http.Controllers.ReflectedHttpActionDescriptor.ExecuteAsync(HttpControllerContext controllerContext, IDictionary`2 arguments, CancellationToken cancellationToken)\r\n--- End of stack trace from previous location where exception was thrown ---\r\n   at System.Runtime.ExceptionServices.ExceptionDispatchInfo.Throw()\r\n   at System.Runtime.CompilerServices.TaskAwaiter.HandleNonSuccessAndDebuggerNotification(Task task)\r\n   at System.Web.Http.Controllers.ApiControllerActionInvoker.<InvokeActionAsyncCore>d__0.MoveNext()\r\n--- End of stack trace from previous location where exception was thrown ---\r\n   at System.Runtime.ExceptionServices.ExceptionDispatchInfo.Throw()\r\n   at System.Runtime.CompilerServices.TaskAwaiter.HandleNonSuccessAndDebuggerNotification(Task task)\r\n   at System.Web.Http.Controllers.ActionFilterResult.<ExecuteAsync>d__2.MoveNext()\r\n--- End of stack trace from previous location where exception was thrown ---\r\n   at System.Runtime.ExceptionServices.ExceptionDispatchInfo.Throw()\r\n   at System.Runtime.CompilerServices.TaskAwaiter.HandleNonSuccessAndDebuggerNotification(Task task)\r\n   at System.Web.Http.Dispatcher.HttpControllerDispatcher.<SendAsync>d__1.MoveNext()"}}}
--changesetresponse_b0399c2d-aa9c-481c-8a5e-7c5ca8c71702--
--batchresponse_e62067c5-29f4-4c28-aa10-cbd9ee95f98b--
")
   at MedicalPortal.API.Features.Users.Commands.CreateUser.CommandHandler.Handle(Command command, CancellationToken cancellationToken) in C:\Users\sookeke\rsbc-dmf\medical-portal\src\PidpAdpater.API\Features\Users\Commands\CreateUser.cs:line 62
   at pdipadapter.PipelineBehaviours.ValidationBehaviour`2.Handle(TRequest request, CancellationToken cancellationToken, RequestHandlerDelegate`1 next) in C:\Users\sookeke\rsbc-dmf\medical-portal\src\PidpAdpater.API\PipelineBehaviours\ValidationBehvaviour.cs:line 23
   at MediatR.Pipeline.RequestExceptionProcessorBehavior`2.Handle(TRequest request, CancellationToken cancellationToken, RequestHandlerDelegate`1 next)
   at MediatR.Pipeline.RequestExceptionProcessorBehavior`2.Handle(TRequest request, CancellationToken cancellationToken, RequestHandlerDelegate`1 next)
   at MediatR.Pipeline.RequestExceptionActionProcessorBehavior`2.Handle(TRequest request, CancellationToken cancellationToken, RequestHandlerDelegate`1 next)
   at MediatR.Pipeline.RequestExceptionActionProcessorBehavior`2.Handle(TRequest request, CancellationToken cancellationToken, RequestHandlerDelegate`1 next)
   at MediatR.Pipeline.RequestPostProcessorBehavior`2.Handle(TRequest request, CancellationToken cancellationToken, RequestHandlerDelegate`1 next)
   at MediatR.Pipeline.RequestPreProcessorBehavior`2.Handle(TRequest request, CancellationToken cancellationToken, RequestHandlerDelegate`1 next)
   at pdipadapter.Features.Users.Controllers.UsersController.CreateContact(Command command) in C:\Users\sookeke\rsbc-dmf\medical-portal\src\PidpAdpater.API\Features\Users\Controllers\UsersController.cs:line 33
   at lambda_method117(Closure , Object )
   at Microsoft.AspNetCore.Mvc.Infrastructure.ActionMethodExecutor.AwaitableObjectResultExecutor.Execute(IActionResultTypeMapper mapper, ObjectMethodExecutor executor, Object controller, Object[] arguments)
   at Microsoft.AspNetCore.Mvc.Infrastructure.ControllerActionInvoker.<InvokeActionMethodAsync>g__Logged|12_1(ControllerActionInvoker invoker)
   at Microsoft.AspNetCore.Mvc.Infrastructure.ControllerActionInvoker.<InvokeNextActionFilterAsync>g__Awaited|10_0(ControllerActionInvoker invoker, Task lastTask, State next, Scope scope, Object state, Boolean isCompleted)
   at Microsoft.AspNetCore.Mvc.Infrastructure.ControllerActionInvoker.Rethrow(ActionExecutedContextSealed context)
   at Microsoft.AspNetCore.Mvc.Infrastructure.ControllerActionInvoker.Next(State& next, Scope& scope, Object& state, Boolean& isCompleted)
   at Microsoft.AspNetCore.Mvc.Infrastructure.ControllerActionInvoker.<InvokeInnerFilterAsync>g__Awaited|13_0(ControllerActionInvoker invoker, Task lastTask, State next, Scope scope, Object state, Boolean isCompleted)
   at Microsoft.AspNetCore.Mvc.Infrastructure.ResourceInvoker.<InvokeFilterPipelineAsync>g__Awaited|20_0(ResourceInvoker invoker, Task lastTask, State next, Scope scope, Object state, Boolean isCompleted)
   at Microsoft.AspNetCore.Mvc.Infrastructure.ResourceInvoker.<InvokeAsync>g__Logged|17_1(ResourceInvoker invoker)
   at Microsoft.AspNetCore.Mvc.Infrastructure.ResourceInvoker.<InvokeAsync>g__Logged|17_1(ResourceInvoker invoker)
   at Microsoft.AspNetCore.Routing.EndpointMiddleware.<Invoke>g__AwaitRequestTask|6_0(Endpoint endpoint, Task requestTask, ILogger logger)
   at Microsoft.AspNetCore.Authorization.Policy.AuthorizationMiddlewareResultHandler.HandleAsync(RequestDelegate next, HttpContext context, AuthorizationPolicy policy, PolicyAuthorizationResult authorizeResult)
   at Microsoft.AspNetCore.Authorization.AuthorizationMiddleware.Invoke(HttpContext context)
   at Microsoft.AspNetCore.Authentication.AuthenticationMiddleware.Invoke(HttpContext context)
   at Serilog.AspNetCore.RequestLoggingMiddleware.Invoke(HttpContext httpContext)
   at Swashbuckle.AspNetCore.SwaggerUI.SwaggerUIMiddleware.Invoke(HttpContext httpContext)
   at Swashbuckle.AspNetCore.Swagger.SwaggerMiddleware.Invoke(HttpContext httpContext, ISwaggerProvider swaggerProvider)
   at Microsoft.AspNetCore.Diagnostics.ExceptionHandlerMiddleware.<Invoke>g__Awaited|6_0(ExceptionHandlerMiddleware middleware, HttpContext context, Task task)
[00:39:48 ERR] HTTP POST /error responded 500 in 242.3364 ms
[01:09:49 INF] HTTP POST /contact/request responded 401 in 331.4205 ms
[01:23:26 INF] HTTP POST /contact/request responded 401 in 88.7790 ms
[06:49:07 INF] HTTP POST /contact/request responded 200 in 29142.5141 ms
