[11:04:55 INF] Starting web host
[11:04:57 INF] ### App Version:1.0.0.0 ###
[11:04:57 INF] ### Pidp Adapter Configuration:{"AddressAutocompleteClient":{"ApiKey":"","Url":""},"ConnectionStrings":{"JumDatabase":""},"ChesClient":{"Enabled":false,"Url":"","ClientId":"","ClientSecret":"","TokenUrl":""},"JustinParticipantClient":{"Url":""},"KafkaCluster":{"Url":"","ClientId":"","ClientSecret":"","BoostrapServers":"","TopicName":""},"Keycloak":{"RealmUrl":"https://dev.common-sso.justice.gov.bc.ca/auth/realms/DEMSDEV","WellKnownConfig":"https://dev.common-sso.justice.gov.bc.ca/auth/realms/DEMSDEV/.well-known/openid-configuration","TokenUrl":"https://dev.common-sso.justice.gov.bc.ca/auth/realms/DEMSDEV/protocol/openid-connect/token","AdministrationUrl":"https://dev.common-sso.justice.gov.bc.ca/auth/admin/realms/DEMSDEV","AdministrationClientId":"PIDP-WEBAPP","AdministrationClientSecret":"\u003Credacted\u003E","HcimClientId":"HCIMWEB"},"MailServer":{"Url":"","Port":0},"PidpEndorsementAPI":{"Url":"https://dev.healthprovideridentityportal.gov.bc.ca/api","ClientId":"DMFT-WEBAPI","ClientSecret":"\u003Credacted\u003E","TokenUrl":"https://common-logon-dev.hlth.gov.bc.ca/auth/realms/moh_applications/protocol/openid-connect/token"}} ###
[11:05:00 INF] Now listening on: https://localhost:7215
[11:05:00 INF] Application started. Press Ctrl+C to shut down.
[11:05:00 INF] Hosting environment: Development
[11:05:00 INF] Content root path: C:\Users\sookeke\rsbc-dmf\medical-portal\src\PidpAdpater.API
[11:08:59 INF] Starting web host
[11:09:01 INF] ### App Version:1.0.0.0 ###
[11:09:01 INF] ### Pidp Adapter Configuration:{"AddressAutocompleteClient":{"ApiKey":"","Url":""},"ConnectionStrings":{"JumDatabase":""},"ChesClient":{"Enabled":false,"Url":"","ClientId":"","ClientSecret":"","TokenUrl":""},"JustinParticipantClient":{"Url":""},"KafkaCluster":{"Url":"","ClientId":"","ClientSecret":"","BoostrapServers":"","TopicName":""},"Keycloak":{"RealmUrl":"https://dev.common-sso.justice.gov.bc.ca/auth/realms/DEMSDEV","WellKnownConfig":"https://dev.common-sso.justice.gov.bc.ca/auth/realms/DEMSDEV/.well-known/openid-configuration","TokenUrl":"https://dev.common-sso.justice.gov.bc.ca/auth/realms/DEMSDEV/protocol/openid-connect/token","AdministrationUrl":"https://dev.common-sso.justice.gov.bc.ca/auth/admin/realms/DEMSDEV","AdministrationClientId":"PIDP-WEBAPP","AdministrationClientSecret":"\u003Credacted\u003E","HcimClientId":"HCIMWEB"},"MailServer":{"Url":"","Port":0},"PidpEndorsementAPI":{"Url":"https://dev.healthprovideridentityportal.gov.bc.ca/api","ClientId":"DMFT-WEBAPI","ClientSecret":"\u003Credacted\u003E","TokenUrl":"https://common-logon-dev.hlth.gov.bc.ca/auth/realms/moh_applications/protocol/openid-connect/token"}} ###
[11:09:02 INF] Now listening on: https://localhost:7215
[11:09:02 INF] Application started. Press Ctrl+C to shut down.
[11:09:02 INF] Hosting environment: Development
[11:09:02 INF] Content root path: C:\Users\sookeke\rsbc-dmf\medical-portal\src\PidpAdpater.API
[11:10:48 INF] Starting web host
[11:10:49 INF] ### App Version:1.0.0.0 ###
[11:10:49 INF] ### Pidp Adapter Configuration:{"AddressAutocompleteClient":{"ApiKey":"","Url":""},"ConnectionStrings":{"JumDatabase":""},"ChesClient":{"Enabled":false,"Url":"","ClientId":"","ClientSecret":"","TokenUrl":""},"JustinParticipantClient":{"Url":""},"KafkaCluster":{"Url":"","ClientId":"","ClientSecret":"","BoostrapServers":"","TopicName":""},"Keycloak":{"RealmUrl":"https://dev.common-sso.justice.gov.bc.ca/auth/realms/DEMSDEV","WellKnownConfig":"https://dev.common-sso.justice.gov.bc.ca/auth/realms/DEMSDEV/.well-known/openid-configuration","TokenUrl":"https://dev.common-sso.justice.gov.bc.ca/auth/realms/DEMSDEV/protocol/openid-connect/token","AdministrationUrl":"https://dev.common-sso.justice.gov.bc.ca/auth/admin/realms/DEMSDEV","AdministrationClientId":"PIDP-WEBAPP","AdministrationClientSecret":"\u003Credacted\u003E","HcimClientId":"HCIMWEB"},"MailServer":{"Url":"","Port":0},"PidpEndorsementAPI":{"Url":"https://dev.healthprovideridentityportal.gov.bc.ca/api","ClientId":"DMFT-WEBAPI","ClientSecret":"\u003Credacted\u003E","TokenUrl":"https://common-logon-dev.hlth.gov.bc.ca/auth/realms/moh_applications/protocol/openid-connect/token"}} ###
[11:10:50 INF] Now listening on: https://localhost:7215
[11:10:51 INF] Application started. Press Ctrl+C to shut down.
[11:10:51 INF] Hosting environment: Development
[11:10:51 INF] Content root path: C:\Users\sookeke\rsbc-dmf\medical-portal\src\PidpAdpater.API
