[01:06:18 INF] Starting web host
[01:06:18 INF] ### App Version:1.0.0.0 ###
[01:06:18 INF] ### Pidp Adapter Configuration:{"AddressAutocompleteClient":{"ApiKey":"","Url":""},"ConnectionStrings":{"JumDatabase":""},"ChesClient":{"Enabled":false,"Url":"","ClientId":"","ClientSecret":"","TokenUrl":""},"JustinParticipantClient":{"Url":""},"KafkaCluster":{"Url":"","ClientId":"","ClientSecret":"","BoostrapServers":"","TopicName":""},"Keycloak":{"RealmUrl":"https://dev.common-sso.justice.gov.bc.ca/auth/realms/DEMSDEV","WellKnownConfig":"https://dev.common-sso.justice.gov.bc.ca/auth/realms/DEMSDEV/.well-known/openid-configuration","TokenUrl":"https://dev.common-sso.justice.gov.bc.ca/auth/realms/DEMSDEV/protocol/openid-connect/token","AdministrationUrl":"https://dev.common-sso.justice.gov.bc.ca/auth/admin/realms/DEMSDEV","AdministrationClientId":"PIDP-WEBAPP","AdministrationClientSecret":"\u003Credacted\u003E","HcimClientId":"HCIMWEB"},"MailServer":{"Url":"","Port":0},"PidpEndorsementAPI":{"Url":"https://dev.healthprovideridentityportal.gov.bc.ca/api","ClientId":"DMFT-WEBAPI","ClientSecret":"\u003Credacted\u003E","TokenUrl":"https://common-logon-dev.hlth.gov.bc.ca/auth/realms/moh_applications/protocol/openid-connect/token"}} ###
[01:06:18 FTL] Host terminated unexpectedly
System.AggregateException: Some services are not able to be constructed (Error while validating the service descriptor 'ServiceType: MediatR.IRequestHandler`2[MedicalPortal.API.Features.Users.Queries.PractitionerContactQuery+Query,PidpAdapter.API.Features.Users.Models.PractitionerContactResponse] Lifetime: Transient ImplementationType: MedicalPortal.API.Features.Users.Queries.PractitionerContactQuery+QueryHandler': Unable to resolve service for type 'Rsbc.Dmf.CaseManagement.Service.UserManager+UserManagerClient' while attempting to activate 'MedicalPortal.API.Features.Users.Queries.PractitionerContactQuery+QueryHandler'.) (Error while validating the service descriptor 'ServiceType: MediatR.IRequestHandler`2[MedicalPortal.API.Features.Users.Commands.CreateUser+Command,PidpAdapter.API.Features.Users.Models.PractitionerContact] Lifetime: Transient ImplementationType: MedicalPortal.API.Features.Users.Commands.CreateUser+CommandHandler': Unable to resolve service for type 'Rsbc.Dmf.CaseManagement.Service.UserManager+UserManagerClient' while attempting to activate 'MedicalPortal.API.Features.Users.Commands.CreateUser+CommandHandler'.)
 ---> System.InvalidOperationException: Error while validating the service descriptor 'ServiceType: MediatR.IRequestHandler`2[MedicalPortal.API.Features.Users.Queries.PractitionerContactQuery+Query,PidpAdapter.API.Features.Users.Models.PractitionerContactResponse] Lifetime: Transient ImplementationType: MedicalPortal.API.Features.Users.Queries.PractitionerContactQuery+QueryHandler': Unable to resolve service for type 'Rsbc.Dmf.CaseManagement.Service.UserManager+UserManagerClient' while attempting to activate 'MedicalPortal.API.Features.Users.Queries.PractitionerContactQuery+QueryHandler'.
 ---> System.InvalidOperationException: Unable to resolve service for type 'Rsbc.Dmf.CaseManagement.Service.UserManager+UserManagerClient' while attempting to activate 'MedicalPortal.API.Features.Users.Queries.PractitionerContactQuery+QueryHandler'.
   at Microsoft.Extensions.DependencyInjection.ServiceLookup.CallSiteFactory.CreateArgumentCallSites(Type implementationType, CallSiteChain callSiteChain, ParameterInfo[] parameters, Boolean throwIfCallSiteNotFound)
   at Microsoft.Extensions.DependencyInjection.ServiceLookup.CallSiteFactory.CreateConstructorCallSite(ResultCache lifetime, Type serviceType, Type implementationType, CallSiteChain callSiteChain)
   at Microsoft.Extensions.DependencyInjection.ServiceLookup.CallSiteFactory.TryCreateExact(ServiceDescriptor descriptor, Type serviceType, CallSiteChain callSiteChain, Int32 slot)
   at Microsoft.Extensions.DependencyInjection.ServiceLookup.CallSiteFactory.GetCallSite(ServiceDescriptor serviceDescriptor, CallSiteChain callSiteChain)
   at Microsoft.Extensions.DependencyInjection.ServiceProvider.ValidateService(ServiceDescriptor descriptor)
   --- End of inner exception stack trace ---
   at Microsoft.Extensions.DependencyInjection.ServiceProvider.ValidateService(ServiceDescriptor descriptor)
   at Microsoft.Extensions.DependencyInjection.ServiceProvider..ctor(ICollection`1 serviceDescriptors, ServiceProviderOptions options)
   --- End of inner exception stack trace ---
   at Microsoft.Extensions.DependencyInjection.ServiceProvider..ctor(ICollection`1 serviceDescriptors, ServiceProviderOptions options)
   at Microsoft.Extensions.DependencyInjection.ServiceCollectionContainerBuilderExtensions.BuildServiceProvider(IServiceCollection services, ServiceProviderOptions options)
   at Microsoft.Extensions.DependencyInjection.DefaultServiceProviderFactory.CreateServiceProvider(IServiceCollection containerBuilder)
   at Microsoft.Extensions.Hosting.Internal.ServiceFactoryAdapter`1.CreateServiceProvider(Object containerBuilder)
   at Microsoft.Extensions.Hosting.HostBuilder.CreateServiceProvider()
   at Microsoft.Extensions.Hosting.HostBuilder.Build()
   at pdipadapter.Program.Main(String[] args) in C:\Users\sookeke\rsbc-dmf\medical-portal\src\PidpAdpater.API\Program.cs:line 26
 ---> (Inner Exception #1) System.InvalidOperationException: Error while validating the service descriptor 'ServiceType: MediatR.IRequestHandler`2[MedicalPortal.API.Features.Users.Commands.CreateUser+Command,PidpAdapter.API.Features.Users.Models.PractitionerContact] Lifetime: Transient ImplementationType: MedicalPortal.API.Features.Users.Commands.CreateUser+CommandHandler': Unable to resolve service for type 'Rsbc.Dmf.CaseManagement.Service.UserManager+UserManagerClient' while attempting to activate 'MedicalPortal.API.Features.Users.Commands.CreateUser+CommandHandler'.
 ---> System.InvalidOperationException: Unable to resolve service for type 'Rsbc.Dmf.CaseManagement.Service.UserManager+UserManagerClient' while attempting to activate 'MedicalPortal.API.Features.Users.Commands.CreateUser+CommandHandler'.
   at Microsoft.Extensions.DependencyInjection.ServiceLookup.CallSiteFactory.CreateArgumentCallSites(Type implementationType, CallSiteChain callSiteChain, ParameterInfo[] parameters, Boolean throwIfCallSiteNotFound)
   at Microsoft.Extensions.DependencyInjection.ServiceLookup.CallSiteFactory.CreateConstructorCallSite(ResultCache lifetime, Type serviceType, Type implementationType, CallSiteChain callSiteChain)
   at Microsoft.Extensions.DependencyInjection.ServiceLookup.CallSiteFactory.TryCreateExact(ServiceDescriptor descriptor, Type serviceType, CallSiteChain callSiteChain, Int32 slot)
   at Microsoft.Extensions.DependencyInjection.ServiceLookup.CallSiteFactory.GetCallSite(ServiceDescriptor serviceDescriptor, CallSiteChain callSiteChain)
   at Microsoft.Extensions.DependencyInjection.ServiceProvider.ValidateService(ServiceDescriptor descriptor)
   --- End of inner exception stack trace ---
   at Microsoft.Extensions.DependencyInjection.ServiceProvider.ValidateService(ServiceDescriptor descriptor)
   at Microsoft.Extensions.DependencyInjection.ServiceProvider..ctor(ICollection`1 serviceDescriptors, ServiceProviderOptions options)<---

[01:13:09 INF] Starting web host
[01:13:09 INF] ### App Version:1.0.0.0 ###
[01:13:09 INF] ### Pidp Adapter Configuration:{"AddressAutocompleteClient":{"ApiKey":"","Url":""},"ConnectionStrings":{"JumDatabase":""},"ChesClient":{"Enabled":false,"Url":"","ClientId":"","ClientSecret":"","TokenUrl":""},"JustinParticipantClient":{"Url":""},"KafkaCluster":{"Url":"","ClientId":"","ClientSecret":"","BoostrapServers":"","TopicName":""},"Keycloak":{"RealmUrl":"https://dev.common-sso.justice.gov.bc.ca/auth/realms/DEMSDEV","WellKnownConfig":"https://dev.common-sso.justice.gov.bc.ca/auth/realms/DEMSDEV/.well-known/openid-configuration","TokenUrl":"https://dev.common-sso.justice.gov.bc.ca/auth/realms/DEMSDEV/protocol/openid-connect/token","AdministrationUrl":"https://dev.common-sso.justice.gov.bc.ca/auth/admin/realms/DEMSDEV","AdministrationClientId":"PIDP-WEBAPP","AdministrationClientSecret":"\u003Credacted\u003E","HcimClientId":"HCIMWEB"},"MailServer":{"Url":"","Port":0},"PidpEndorsementAPI":{"Url":"https://dev.healthprovideridentityportal.gov.bc.ca/api","ClientId":"DMFT-WEBAPI","ClientSecret":"\u003Credacted\u003E","TokenUrl":"https://common-logon-dev.hlth.gov.bc.ca/auth/realms/moh_applications/protocol/openid-connect/token"}} ###
[01:13:09 FTL] Host terminated unexpectedly
System.AggregateException: Some services are not able to be constructed (Error while validating the service descriptor 'ServiceType: MediatR.IRequestHandler`2[MedicalPortal.API.Features.Users.Queries.PractitionerContactQuery+Query,PidpAdapter.API.Features.Users.Models.PractitionerContactResponse] Lifetime: Transient ImplementationType: MedicalPortal.API.Features.Users.Queries.PractitionerContactQuery+QueryHandler': Unable to resolve service for type 'Rsbc.Dmf.CaseManagement.Service.UserManager+UserManagerClient' while attempting to activate 'MedicalPortal.API.Features.Users.Queries.PractitionerContactQuery+QueryHandler'.) (Error while validating the service descriptor 'ServiceType: MediatR.IRequestHandler`2[MedicalPortal.API.Features.Users.Commands.CreateUser+Command,PidpAdapter.API.Features.Users.Models.PractitionerContact] Lifetime: Transient ImplementationType: MedicalPortal.API.Features.Users.Commands.CreateUser+CommandHandler': Unable to resolve service for type 'Rsbc.Dmf.CaseManagement.Service.UserManager+UserManagerClient' while attempting to activate 'MedicalPortal.API.Features.Users.Commands.CreateUser+CommandHandler'.)
 ---> System.InvalidOperationException: Error while validating the service descriptor 'ServiceType: MediatR.IRequestHandler`2[MedicalPortal.API.Features.Users.Queries.PractitionerContactQuery+Query,PidpAdapter.API.Features.Users.Models.PractitionerContactResponse] Lifetime: Transient ImplementationType: MedicalPortal.API.Features.Users.Queries.PractitionerContactQuery+QueryHandler': Unable to resolve service for type 'Rsbc.Dmf.CaseManagement.Service.UserManager+UserManagerClient' while attempting to activate 'MedicalPortal.API.Features.Users.Queries.PractitionerContactQuery+QueryHandler'.
 ---> System.InvalidOperationException: Unable to resolve service for type 'Rsbc.Dmf.CaseManagement.Service.UserManager+UserManagerClient' while attempting to activate 'MedicalPortal.API.Features.Users.Queries.PractitionerContactQuery+QueryHandler'.
   at Microsoft.Extensions.DependencyInjection.ServiceLookup.CallSiteFactory.CreateArgumentCallSites(Type implementationType, CallSiteChain callSiteChain, ParameterInfo[] parameters, Boolean throwIfCallSiteNotFound)
   at Microsoft.Extensions.DependencyInjection.ServiceLookup.CallSiteFactory.CreateConstructorCallSite(ResultCache lifetime, Type serviceType, Type implementationType, CallSiteChain callSiteChain)
   at Microsoft.Extensions.DependencyInjection.ServiceLookup.CallSiteFactory.TryCreateExact(ServiceDescriptor descriptor, Type serviceType, CallSiteChain callSiteChain, Int32 slot)
   at Microsoft.Extensions.DependencyInjection.ServiceLookup.CallSiteFactory.GetCallSite(ServiceDescriptor serviceDescriptor, CallSiteChain callSiteChain)
   at Microsoft.Extensions.DependencyInjection.ServiceProvider.ValidateService(ServiceDescriptor descriptor)
   --- End of inner exception stack trace ---
   at Microsoft.Extensions.DependencyInjection.ServiceProvider.ValidateService(ServiceDescriptor descriptor)
   at Microsoft.Extensions.DependencyInjection.ServiceProvider..ctor(ICollection`1 serviceDescriptors, ServiceProviderOptions options)
   --- End of inner exception stack trace ---
   at Microsoft.Extensions.DependencyInjection.ServiceProvider..ctor(ICollection`1 serviceDescriptors, ServiceProviderOptions options)
   at Microsoft.Extensions.DependencyInjection.ServiceCollectionContainerBuilderExtensions.BuildServiceProvider(IServiceCollection services, ServiceProviderOptions options)
   at Microsoft.Extensions.DependencyInjection.DefaultServiceProviderFactory.CreateServiceProvider(IServiceCollection containerBuilder)
   at Microsoft.Extensions.Hosting.Internal.ServiceFactoryAdapter`1.CreateServiceProvider(Object containerBuilder)
   at Microsoft.Extensions.Hosting.HostBuilder.CreateServiceProvider()
   at Microsoft.Extensions.Hosting.HostBuilder.Build()
   at pdipadapter.Program.Main(String[] args) in C:\Users\sookeke\rsbc-dmf\medical-portal\src\PidpAdpater.API\Program.cs:line 26
 ---> (Inner Exception #1) System.InvalidOperationException: Error while validating the service descriptor 'ServiceType: MediatR.IRequestHandler`2[MedicalPortal.API.Features.Users.Commands.CreateUser+Command,PidpAdapter.API.Features.Users.Models.PractitionerContact] Lifetime: Transient ImplementationType: MedicalPortal.API.Features.Users.Commands.CreateUser+CommandHandler': Unable to resolve service for type 'Rsbc.Dmf.CaseManagement.Service.UserManager+UserManagerClient' while attempting to activate 'MedicalPortal.API.Features.Users.Commands.CreateUser+CommandHandler'.
 ---> System.InvalidOperationException: Unable to resolve service for type 'Rsbc.Dmf.CaseManagement.Service.UserManager+UserManagerClient' while attempting to activate 'MedicalPortal.API.Features.Users.Commands.CreateUser+CommandHandler'.
   at Microsoft.Extensions.DependencyInjection.ServiceLookup.CallSiteFactory.CreateArgumentCallSites(Type implementationType, CallSiteChain callSiteChain, ParameterInfo[] parameters, Boolean throwIfCallSiteNotFound)
   at Microsoft.Extensions.DependencyInjection.ServiceLookup.CallSiteFactory.CreateConstructorCallSite(ResultCache lifetime, Type serviceType, Type implementationType, CallSiteChain callSiteChain)
   at Microsoft.Extensions.DependencyInjection.ServiceLookup.CallSiteFactory.TryCreateExact(ServiceDescriptor descriptor, Type serviceType, CallSiteChain callSiteChain, Int32 slot)
   at Microsoft.Extensions.DependencyInjection.ServiceLookup.CallSiteFactory.GetCallSite(ServiceDescriptor serviceDescriptor, CallSiteChain callSiteChain)
   at Microsoft.Extensions.DependencyInjection.ServiceProvider.ValidateService(ServiceDescriptor descriptor)
   --- End of inner exception stack trace ---
   at Microsoft.Extensions.DependencyInjection.ServiceProvider.ValidateService(ServiceDescriptor descriptor)
   at Microsoft.Extensions.DependencyInjection.ServiceProvider..ctor(ICollection`1 serviceDescriptors, ServiceProviderOptions options)<---

[01:18:43 INF] Starting web host
[01:18:44 INF] ### App Version:1.0.0.0 ###
[01:18:44 INF] ### Pidp Adapter Configuration:{"AddressAutocompleteClient":{"ApiKey":"","Url":""},"ConnectionStrings":{"JumDatabase":""},"ChesClient":{"Enabled":false,"Url":"","ClientId":"","ClientSecret":"","TokenUrl":""},"JustinParticipantClient":{"Url":""},"KafkaCluster":{"Url":"","ClientId":"","ClientSecret":"","BoostrapServers":"","TopicName":""},"Keycloak":{"RealmUrl":"https://dev.common-sso.justice.gov.bc.ca/auth/realms/DEMSDEV","WellKnownConfig":"https://dev.common-sso.justice.gov.bc.ca/auth/realms/DEMSDEV/.well-known/openid-configuration","TokenUrl":"https://dev.common-sso.justice.gov.bc.ca/auth/realms/DEMSDEV/protocol/openid-connect/token","AdministrationUrl":"https://dev.common-sso.justice.gov.bc.ca/auth/admin/realms/DEMSDEV","AdministrationClientId":"PIDP-WEBAPP","AdministrationClientSecret":"\u003Credacted\u003E","HcimClientId":"HCIMWEB"},"MailServer":{"Url":"","Port":0},"PidpEndorsementAPI":{"Url":"https://dev.healthprovideridentityportal.gov.bc.ca/api","ClientId":"DMFT-WEBAPI","ClientSecret":"\u003Credacted\u003E","TokenUrl":"https://common-logon-dev.hlth.gov.bc.ca/auth/realms/moh_applications/protocol/openid-connect/token"}} ###
[01:18:44 FTL] Host terminated unexpectedly
System.AggregateException: Some services are not able to be constructed (Error while validating the service descriptor 'ServiceType: MediatR.IRequestHandler`2[MedicalPortal.API.Features.Users.Queries.PractitionerContactQuery+Query,PidpAdapter.API.Features.Users.Models.PractitionerContactResponse] Lifetime: Transient ImplementationType: MedicalPortal.API.Features.Users.Queries.PractitionerContactQuery+QueryHandler': Unable to resolve service for type 'Rsbc.Dmf.CaseManagement.Service.UserManager+UserManagerClient' while attempting to activate 'MedicalPortal.API.Features.Users.Queries.PractitionerContactQuery+QueryHandler'.) (Error while validating the service descriptor 'ServiceType: MediatR.IRequestHandler`2[MedicalPortal.API.Features.Users.Commands.CreateUser+Command,PidpAdapter.API.Features.Users.Models.PractitionerContact] Lifetime: Transient ImplementationType: MedicalPortal.API.Features.Users.Commands.CreateUser+CommandHandler': Unable to resolve service for type 'Rsbc.Dmf.CaseManagement.Service.UserManager+UserManagerClient' while attempting to activate 'MedicalPortal.API.Features.Users.Commands.CreateUser+CommandHandler'.)
 ---> System.InvalidOperationException: Error while validating the service descriptor 'ServiceType: MediatR.IRequestHandler`2[MedicalPortal.API.Features.Users.Queries.PractitionerContactQuery+Query,PidpAdapter.API.Features.Users.Models.PractitionerContactResponse] Lifetime: Transient ImplementationType: MedicalPortal.API.Features.Users.Queries.PractitionerContactQuery+QueryHandler': Unable to resolve service for type 'Rsbc.Dmf.CaseManagement.Service.UserManager+UserManagerClient' while attempting to activate 'MedicalPortal.API.Features.Users.Queries.PractitionerContactQuery+QueryHandler'.
 ---> System.InvalidOperationException: Unable to resolve service for type 'Rsbc.Dmf.CaseManagement.Service.UserManager+UserManagerClient' while attempting to activate 'MedicalPortal.API.Features.Users.Queries.PractitionerContactQuery+QueryHandler'.
   at Microsoft.Extensions.DependencyInjection.ServiceLookup.CallSiteFactory.CreateArgumentCallSites(Type implementationType, CallSiteChain callSiteChain, ParameterInfo[] parameters, Boolean throwIfCallSiteNotFound)
   at Microsoft.Extensions.DependencyInjection.ServiceLookup.CallSiteFactory.CreateConstructorCallSite(ResultCache lifetime, Type serviceType, Type implementationType, CallSiteChain callSiteChain)
   at Microsoft.Extensions.DependencyInjection.ServiceLookup.CallSiteFactory.TryCreateExact(ServiceDescriptor descriptor, Type serviceType, CallSiteChain callSiteChain, Int32 slot)
   at Microsoft.Extensions.DependencyInjection.ServiceLookup.CallSiteFactory.GetCallSite(ServiceDescriptor serviceDescriptor, CallSiteChain callSiteChain)
   at Microsoft.Extensions.DependencyInjection.ServiceProvider.ValidateService(ServiceDescriptor descriptor)
   --- End of inner exception stack trace ---
   at Microsoft.Extensions.DependencyInjection.ServiceProvider.ValidateService(ServiceDescriptor descriptor)
   at Microsoft.Extensions.DependencyInjection.ServiceProvider..ctor(ICollection`1 serviceDescriptors, ServiceProviderOptions options)
   --- End of inner exception stack trace ---
   at Microsoft.Extensions.DependencyInjection.ServiceProvider..ctor(ICollection`1 serviceDescriptors, ServiceProviderOptions options)
   at Microsoft.Extensions.DependencyInjection.ServiceCollectionContainerBuilderExtensions.BuildServiceProvider(IServiceCollection services, ServiceProviderOptions options)
   at Microsoft.Extensions.DependencyInjection.DefaultServiceProviderFactory.CreateServiceProvider(IServiceCollection containerBuilder)
   at Microsoft.Extensions.Hosting.Internal.ServiceFactoryAdapter`1.CreateServiceProvider(Object containerBuilder)
   at Microsoft.Extensions.Hosting.HostBuilder.CreateServiceProvider()
   at Microsoft.Extensions.Hosting.HostBuilder.Build()
   at pdipadapter.Program.Main(String[] args) in C:\Users\sookeke\rsbc-dmf\medical-portal\src\PidpAdpater.API\Program.cs:line 26
 ---> (Inner Exception #1) System.InvalidOperationException: Error while validating the service descriptor 'ServiceType: MediatR.IRequestHandler`2[MedicalPortal.API.Features.Users.Commands.CreateUser+Command,PidpAdapter.API.Features.Users.Models.PractitionerContact] Lifetime: Transient ImplementationType: MedicalPortal.API.Features.Users.Commands.CreateUser+CommandHandler': Unable to resolve service for type 'Rsbc.Dmf.CaseManagement.Service.UserManager+UserManagerClient' while attempting to activate 'MedicalPortal.API.Features.Users.Commands.CreateUser+CommandHandler'.
 ---> System.InvalidOperationException: Unable to resolve service for type 'Rsbc.Dmf.CaseManagement.Service.UserManager+UserManagerClient' while attempting to activate 'MedicalPortal.API.Features.Users.Commands.CreateUser+CommandHandler'.
   at Microsoft.Extensions.DependencyInjection.ServiceLookup.CallSiteFactory.CreateArgumentCallSites(Type implementationType, CallSiteChain callSiteChain, ParameterInfo[] parameters, Boolean throwIfCallSiteNotFound)
   at Microsoft.Extensions.DependencyInjection.ServiceLookup.CallSiteFactory.CreateConstructorCallSite(ResultCache lifetime, Type serviceType, Type implementationType, CallSiteChain callSiteChain)
   at Microsoft.Extensions.DependencyInjection.ServiceLookup.CallSiteFactory.TryCreateExact(ServiceDescriptor descriptor, Type serviceType, CallSiteChain callSiteChain, Int32 slot)
   at Microsoft.Extensions.DependencyInjection.ServiceLookup.CallSiteFactory.GetCallSite(ServiceDescriptor serviceDescriptor, CallSiteChain callSiteChain)
   at Microsoft.Extensions.DependencyInjection.ServiceProvider.ValidateService(ServiceDescriptor descriptor)
   --- End of inner exception stack trace ---
   at Microsoft.Extensions.DependencyInjection.ServiceProvider.ValidateService(ServiceDescriptor descriptor)
   at Microsoft.Extensions.DependencyInjection.ServiceProvider..ctor(ICollection`1 serviceDescriptors, ServiceProviderOptions options)<---

[01:20:42 INF] Starting web host
[01:20:42 INF] ### App Version:1.0.0.0 ###
[01:20:42 INF] ### Pidp Adapter Configuration:{"AddressAutocompleteClient":{"ApiKey":"","Url":""},"ConnectionStrings":{"JumDatabase":""},"ChesClient":{"Enabled":false,"Url":"","ClientId":"","ClientSecret":"","TokenUrl":""},"JustinParticipantClient":{"Url":""},"KafkaCluster":{"Url":"","ClientId":"","ClientSecret":"","BoostrapServers":"","TopicName":""},"Keycloak":{"RealmUrl":"https://dev.common-sso.justice.gov.bc.ca/auth/realms/DEMSDEV","WellKnownConfig":"https://dev.common-sso.justice.gov.bc.ca/auth/realms/DEMSDEV/.well-known/openid-configuration","TokenUrl":"https://dev.common-sso.justice.gov.bc.ca/auth/realms/DEMSDEV/protocol/openid-connect/token","AdministrationUrl":"https://dev.common-sso.justice.gov.bc.ca/auth/admin/realms/DEMSDEV","AdministrationClientId":"PIDP-WEBAPP","AdministrationClientSecret":"\u003Credacted\u003E","HcimClientId":"HCIMWEB"},"MailServer":{"Url":"","Port":0},"PidpEndorsementAPI":{"Url":"https://dev.healthprovideridentityportal.gov.bc.ca/api","ClientId":"DMFT-WEBAPI","ClientSecret":"\u003Credacted\u003E","TokenUrl":"https://common-logon-dev.hlth.gov.bc.ca/auth/realms/moh_applications/protocol/openid-connect/token"}} ###
[01:20:43 FTL] Host terminated unexpectedly
System.AggregateException: Some services are not able to be constructed (Error while validating the service descriptor 'ServiceType: MediatR.IRequestHandler`2[MedicalPortal.API.Features.Users.Queries.PractitionerContactQuery+Query,PidpAdapter.API.Features.Users.Models.PractitionerContactResponse] Lifetime: Transient ImplementationType: MedicalPortal.API.Features.Users.Queries.PractitionerContactQuery+QueryHandler': Unable to resolve service for type 'Rsbc.Dmf.CaseManagement.Service.UserManager+UserManagerClient' while attempting to activate 'MedicalPortal.API.Features.Users.Queries.PractitionerContactQuery+QueryHandler'.) (Error while validating the service descriptor 'ServiceType: MediatR.IRequestHandler`2[MedicalPortal.API.Features.Users.Commands.CreateUser+Command,PidpAdapter.API.Features.Users.Models.PractitionerContact] Lifetime: Transient ImplementationType: MedicalPortal.API.Features.Users.Commands.CreateUser+CommandHandler': Unable to resolve service for type 'Rsbc.Dmf.CaseManagement.Service.UserManager+UserManagerClient' while attempting to activate 'MedicalPortal.API.Features.Users.Commands.CreateUser+CommandHandler'.)
 ---> System.InvalidOperationException: Error while validating the service descriptor 'ServiceType: MediatR.IRequestHandler`2[MedicalPortal.API.Features.Users.Queries.PractitionerContactQuery+Query,PidpAdapter.API.Features.Users.Models.PractitionerContactResponse] Lifetime: Transient ImplementationType: MedicalPortal.API.Features.Users.Queries.PractitionerContactQuery+QueryHandler': Unable to resolve service for type 'Rsbc.Dmf.CaseManagement.Service.UserManager+UserManagerClient' while attempting to activate 'MedicalPortal.API.Features.Users.Queries.PractitionerContactQuery+QueryHandler'.
 ---> System.InvalidOperationException: Unable to resolve service for type 'Rsbc.Dmf.CaseManagement.Service.UserManager+UserManagerClient' while attempting to activate 'MedicalPortal.API.Features.Users.Queries.PractitionerContactQuery+QueryHandler'.
   at Microsoft.Extensions.DependencyInjection.ServiceLookup.CallSiteFactory.CreateArgumentCallSites(Type implementationType, CallSiteChain callSiteChain, ParameterInfo[] parameters, Boolean throwIfCallSiteNotFound)
   at Microsoft.Extensions.DependencyInjection.ServiceLookup.CallSiteFactory.CreateConstructorCallSite(ResultCache lifetime, Type serviceType, Type implementationType, CallSiteChain callSiteChain)
   at Microsoft.Extensions.DependencyInjection.ServiceLookup.CallSiteFactory.TryCreateExact(ServiceDescriptor descriptor, Type serviceType, CallSiteChain callSiteChain, Int32 slot)
   at Microsoft.Extensions.DependencyInjection.ServiceLookup.CallSiteFactory.GetCallSite(ServiceDescriptor serviceDescriptor, CallSiteChain callSiteChain)
   at Microsoft.Extensions.DependencyInjection.ServiceProvider.ValidateService(ServiceDescriptor descriptor)
   --- End of inner exception stack trace ---
   at Microsoft.Extensions.DependencyInjection.ServiceProvider.ValidateService(ServiceDescriptor descriptor)
   at Microsoft.Extensions.DependencyInjection.ServiceProvider..ctor(ICollection`1 serviceDescriptors, ServiceProviderOptions options)
   --- End of inner exception stack trace ---
   at Microsoft.Extensions.DependencyInjection.ServiceProvider..ctor(ICollection`1 serviceDescriptors, ServiceProviderOptions options)
   at Microsoft.Extensions.DependencyInjection.ServiceCollectionContainerBuilderExtensions.BuildServiceProvider(IServiceCollection services, ServiceProviderOptions options)
   at Microsoft.Extensions.DependencyInjection.DefaultServiceProviderFactory.CreateServiceProvider(IServiceCollection containerBuilder)
   at Microsoft.Extensions.Hosting.Internal.ServiceFactoryAdapter`1.CreateServiceProvider(Object containerBuilder)
   at Microsoft.Extensions.Hosting.HostBuilder.CreateServiceProvider()
   at Microsoft.Extensions.Hosting.HostBuilder.Build()
   at pdipadapter.Program.Main(String[] args) in C:\Users\sookeke\rsbc-dmf\medical-portal\src\PidpAdpater.API\Program.cs:line 26
 ---> (Inner Exception #1) System.InvalidOperationException: Error while validating the service descriptor 'ServiceType: MediatR.IRequestHandler`2[MedicalPortal.API.Features.Users.Commands.CreateUser+Command,PidpAdapter.API.Features.Users.Models.PractitionerContact] Lifetime: Transient ImplementationType: MedicalPortal.API.Features.Users.Commands.CreateUser+CommandHandler': Unable to resolve service for type 'Rsbc.Dmf.CaseManagement.Service.UserManager+UserManagerClient' while attempting to activate 'MedicalPortal.API.Features.Users.Commands.CreateUser+CommandHandler'.
 ---> System.InvalidOperationException: Unable to resolve service for type 'Rsbc.Dmf.CaseManagement.Service.UserManager+UserManagerClient' while attempting to activate 'MedicalPortal.API.Features.Users.Commands.CreateUser+CommandHandler'.
   at Microsoft.Extensions.DependencyInjection.ServiceLookup.CallSiteFactory.CreateArgumentCallSites(Type implementationType, CallSiteChain callSiteChain, ParameterInfo[] parameters, Boolean throwIfCallSiteNotFound)
   at Microsoft.Extensions.DependencyInjection.ServiceLookup.CallSiteFactory.CreateConstructorCallSite(ResultCache lifetime, Type serviceType, Type implementationType, CallSiteChain callSiteChain)
   at Microsoft.Extensions.DependencyInjection.ServiceLookup.CallSiteFactory.TryCreateExact(ServiceDescriptor descriptor, Type serviceType, CallSiteChain callSiteChain, Int32 slot)
   at Microsoft.Extensions.DependencyInjection.ServiceLookup.CallSiteFactory.GetCallSite(ServiceDescriptor serviceDescriptor, CallSiteChain callSiteChain)
   at Microsoft.Extensions.DependencyInjection.ServiceProvider.ValidateService(ServiceDescriptor descriptor)
   --- End of inner exception stack trace ---
   at Microsoft.Extensions.DependencyInjection.ServiceProvider.ValidateService(ServiceDescriptor descriptor)
   at Microsoft.Extensions.DependencyInjection.ServiceProvider..ctor(ICollection`1 serviceDescriptors, ServiceProviderOptions options)<---

[01:22:13 INF] Starting web host
[01:22:13 INF] ### App Version:1.0.0.0 ###
[01:22:13 INF] ### Pidp Adapter Configuration:{"AddressAutocompleteClient":{"ApiKey":"","Url":""},"ConnectionStrings":{"JumDatabase":""},"ChesClient":{"Enabled":false,"Url":"","ClientId":"","ClientSecret":"","TokenUrl":""},"JustinParticipantClient":{"Url":""},"KafkaCluster":{"Url":"","ClientId":"","ClientSecret":"","BoostrapServers":"","TopicName":""},"Keycloak":{"RealmUrl":"https://dev.common-sso.justice.gov.bc.ca/auth/realms/DEMSDEV","WellKnownConfig":"https://dev.common-sso.justice.gov.bc.ca/auth/realms/DEMSDEV/.well-known/openid-configuration","TokenUrl":"https://dev.common-sso.justice.gov.bc.ca/auth/realms/DEMSDEV/protocol/openid-connect/token","AdministrationUrl":"https://dev.common-sso.justice.gov.bc.ca/auth/admin/realms/DEMSDEV","AdministrationClientId":"PIDP-WEBAPP","AdministrationClientSecret":"\u003Credacted\u003E","HcimClientId":"HCIMWEB"},"MailServer":{"Url":"","Port":0},"PidpEndorsementAPI":{"Url":"https://dev.healthprovideridentityportal.gov.bc.ca/api","ClientId":"DMFT-WEBAPI","ClientSecret":"\u003Credacted\u003E","TokenUrl":"https://common-logon-dev.hlth.gov.bc.ca/auth/realms/moh_applications/protocol/openid-connect/token"}} ###
[01:22:13 FTL] Host terminated unexpectedly
System.AggregateException: Some services are not able to be constructed (Error while validating the service descriptor 'ServiceType: MediatR.IRequestHandler`2[MedicalPortal.API.Features.Users.Queries.PractitionerContactQuery+Query,PidpAdapter.API.Features.Users.Models.PractitionerContactResponse] Lifetime: Transient ImplementationType: MedicalPortal.API.Features.Users.Queries.PractitionerContactQuery+QueryHandler': Unable to resolve service for type 'Rsbc.Dmf.CaseManagement.Service.UserManager+UserManagerClient' while attempting to activate 'MedicalPortal.API.Features.Users.Queries.PractitionerContactQuery+QueryHandler'.) (Error while validating the service descriptor 'ServiceType: MediatR.IRequestHandler`2[MedicalPortal.API.Features.Users.Commands.CreateUser+Command,PidpAdapter.API.Features.Users.Models.PractitionerContact] Lifetime: Transient ImplementationType: MedicalPortal.API.Features.Users.Commands.CreateUser+CommandHandler': Unable to resolve service for type 'Rsbc.Dmf.CaseManagement.Service.UserManager+UserManagerClient' while attempting to activate 'MedicalPortal.API.Features.Users.Commands.CreateUser+CommandHandler'.)
 ---> System.InvalidOperationException: Error while validating the service descriptor 'ServiceType: MediatR.IRequestHandler`2[MedicalPortal.API.Features.Users.Queries.PractitionerContactQuery+Query,PidpAdapter.API.Features.Users.Models.PractitionerContactResponse] Lifetime: Transient ImplementationType: MedicalPortal.API.Features.Users.Queries.PractitionerContactQuery+QueryHandler': Unable to resolve service for type 'Rsbc.Dmf.CaseManagement.Service.UserManager+UserManagerClient' while attempting to activate 'MedicalPortal.API.Features.Users.Queries.PractitionerContactQuery+QueryHandler'.
 ---> System.InvalidOperationException: Unable to resolve service for type 'Rsbc.Dmf.CaseManagement.Service.UserManager+UserManagerClient' while attempting to activate 'MedicalPortal.API.Features.Users.Queries.PractitionerContactQuery+QueryHandler'.
   at Microsoft.Extensions.DependencyInjection.ServiceLookup.CallSiteFactory.CreateArgumentCallSites(Type implementationType, CallSiteChain callSiteChain, ParameterInfo[] parameters, Boolean throwIfCallSiteNotFound)
   at Microsoft.Extensions.DependencyInjection.ServiceLookup.CallSiteFactory.CreateConstructorCallSite(ResultCache lifetime, Type serviceType, Type implementationType, CallSiteChain callSiteChain)
   at Microsoft.Extensions.DependencyInjection.ServiceLookup.CallSiteFactory.TryCreateExact(ServiceDescriptor descriptor, Type serviceType, CallSiteChain callSiteChain, Int32 slot)
   at Microsoft.Extensions.DependencyInjection.ServiceLookup.CallSiteFactory.GetCallSite(ServiceDescriptor serviceDescriptor, CallSiteChain callSiteChain)
   at Microsoft.Extensions.DependencyInjection.ServiceProvider.ValidateService(ServiceDescriptor descriptor)
   --- End of inner exception stack trace ---
   at Microsoft.Extensions.DependencyInjection.ServiceProvider.ValidateService(ServiceDescriptor descriptor)
   at Microsoft.Extensions.DependencyInjection.ServiceProvider..ctor(ICollection`1 serviceDescriptors, ServiceProviderOptions options)
   --- End of inner exception stack trace ---
   at Microsoft.Extensions.DependencyInjection.ServiceProvider..ctor(ICollection`1 serviceDescriptors, ServiceProviderOptions options)
   at Microsoft.Extensions.DependencyInjection.ServiceCollectionContainerBuilderExtensions.BuildServiceProvider(IServiceCollection services, ServiceProviderOptions options)
   at Microsoft.Extensions.DependencyInjection.DefaultServiceProviderFactory.CreateServiceProvider(IServiceCollection containerBuilder)
   at Microsoft.Extensions.Hosting.Internal.ServiceFactoryAdapter`1.CreateServiceProvider(Object containerBuilder)
   at Microsoft.Extensions.Hosting.HostBuilder.CreateServiceProvider()
   at Microsoft.Extensions.Hosting.HostBuilder.Build()
   at pdipadapter.Program.Main(String[] args) in C:\Users\sookeke\rsbc-dmf\medical-portal\src\PidpAdpater.API\Program.cs:line 26
 ---> (Inner Exception #1) System.InvalidOperationException: Error while validating the service descriptor 'ServiceType: MediatR.IRequestHandler`2[MedicalPortal.API.Features.Users.Commands.CreateUser+Command,PidpAdapter.API.Features.Users.Models.PractitionerContact] Lifetime: Transient ImplementationType: MedicalPortal.API.Features.Users.Commands.CreateUser+CommandHandler': Unable to resolve service for type 'Rsbc.Dmf.CaseManagement.Service.UserManager+UserManagerClient' while attempting to activate 'MedicalPortal.API.Features.Users.Commands.CreateUser+CommandHandler'.
 ---> System.InvalidOperationException: Unable to resolve service for type 'Rsbc.Dmf.CaseManagement.Service.UserManager+UserManagerClient' while attempting to activate 'MedicalPortal.API.Features.Users.Commands.CreateUser+CommandHandler'.
   at Microsoft.Extensions.DependencyInjection.ServiceLookup.CallSiteFactory.CreateArgumentCallSites(Type implementationType, CallSiteChain callSiteChain, ParameterInfo[] parameters, Boolean throwIfCallSiteNotFound)
   at Microsoft.Extensions.DependencyInjection.ServiceLookup.CallSiteFactory.CreateConstructorCallSite(ResultCache lifetime, Type serviceType, Type implementationType, CallSiteChain callSiteChain)
   at Microsoft.Extensions.DependencyInjection.ServiceLookup.CallSiteFactory.TryCreateExact(ServiceDescriptor descriptor, Type serviceType, CallSiteChain callSiteChain, Int32 slot)
   at Microsoft.Extensions.DependencyInjection.ServiceLookup.CallSiteFactory.GetCallSite(ServiceDescriptor serviceDescriptor, CallSiteChain callSiteChain)
   at Microsoft.Extensions.DependencyInjection.ServiceProvider.ValidateService(ServiceDescriptor descriptor)
   --- End of inner exception stack trace ---
   at Microsoft.Extensions.DependencyInjection.ServiceProvider.ValidateService(ServiceDescriptor descriptor)
   at Microsoft.Extensions.DependencyInjection.ServiceProvider..ctor(ICollection`1 serviceDescriptors, ServiceProviderOptions options)<---

[01:27:52 INF] Starting web host
[01:27:53 INF] ### App Version:1.0.0.0 ###
[01:27:53 INF] ### Pidp Adapter Configuration:{"AddressAutocompleteClient":{"ApiKey":"","Url":""},"ConnectionStrings":{"JumDatabase":""},"ChesClient":{"Enabled":false,"Url":"","ClientId":"","ClientSecret":"","TokenUrl":""},"JustinParticipantClient":{"Url":""},"KafkaCluster":{"Url":"","ClientId":"","ClientSecret":"","BoostrapServers":"","TopicName":""},"Keycloak":{"RealmUrl":"https://dev.common-sso.justice.gov.bc.ca/auth/realms/DEMSDEV","WellKnownConfig":"https://dev.common-sso.justice.gov.bc.ca/auth/realms/DEMSDEV/.well-known/openid-configuration","TokenUrl":"https://dev.common-sso.justice.gov.bc.ca/auth/realms/DEMSDEV/protocol/openid-connect/token","AdministrationUrl":"https://dev.common-sso.justice.gov.bc.ca/auth/admin/realms/DEMSDEV","AdministrationClientId":"PIDP-WEBAPP","AdministrationClientSecret":"\u003Credacted\u003E","HcimClientId":"HCIMWEB"},"MailServer":{"Url":"","Port":0},"PidpEndorsementAPI":{"Url":"https://dev.healthprovideridentityportal.gov.bc.ca/api","ClientId":"DMFT-WEBAPI","ClientSecret":"\u003Credacted\u003E","TokenUrl":"https://common-logon-dev.hlth.gov.bc.ca/auth/realms/moh_applications/protocol/openid-connect/token"}} ###
[01:27:53 FTL] Host terminated unexpectedly
System.AggregateException: Some services are not able to be constructed (Error while validating the service descriptor 'ServiceType: MediatR.IRequestHandler`2[MedicalPortal.API.Features.Users.Queries.PractitionerContactQuery+Query,PidpAdapter.API.Features.Users.Models.PractitionerContactResponse] Lifetime: Transient ImplementationType: MedicalPortal.API.Features.Users.Queries.PractitionerContactQuery+QueryHandler': Unable to resolve service for type 'Rsbc.Dmf.CaseManagement.Service.UserManager+UserManagerClient' while attempting to activate 'MedicalPortal.API.Features.Users.Queries.PractitionerContactQuery+QueryHandler'.) (Error while validating the service descriptor 'ServiceType: MediatR.IRequestHandler`2[MedicalPortal.API.Features.Users.Commands.CreateUser+Command,PidpAdapter.API.Features.Users.Models.PractitionerContact] Lifetime: Transient ImplementationType: MedicalPortal.API.Features.Users.Commands.CreateUser+CommandHandler': Unable to resolve service for type 'Rsbc.Dmf.CaseManagement.Service.UserManager+UserManagerClient' while attempting to activate 'MedicalPortal.API.Features.Users.Commands.CreateUser+CommandHandler'.)
 ---> System.InvalidOperationException: Error while validating the service descriptor 'ServiceType: MediatR.IRequestHandler`2[MedicalPortal.API.Features.Users.Queries.PractitionerContactQuery+Query,PidpAdapter.API.Features.Users.Models.PractitionerContactResponse] Lifetime: Transient ImplementationType: MedicalPortal.API.Features.Users.Queries.PractitionerContactQuery+QueryHandler': Unable to resolve service for type 'Rsbc.Dmf.CaseManagement.Service.UserManager+UserManagerClient' while attempting to activate 'MedicalPortal.API.Features.Users.Queries.PractitionerContactQuery+QueryHandler'.
 ---> System.InvalidOperationException: Unable to resolve service for type 'Rsbc.Dmf.CaseManagement.Service.UserManager+UserManagerClient' while attempting to activate 'MedicalPortal.API.Features.Users.Queries.PractitionerContactQuery+QueryHandler'.
   at Microsoft.Extensions.DependencyInjection.ServiceLookup.CallSiteFactory.CreateArgumentCallSites(Type implementationType, CallSiteChain callSiteChain, ParameterInfo[] parameters, Boolean throwIfCallSiteNotFound)
   at Microsoft.Extensions.DependencyInjection.ServiceLookup.CallSiteFactory.CreateConstructorCallSite(ResultCache lifetime, Type serviceType, Type implementationType, CallSiteChain callSiteChain)
   at Microsoft.Extensions.DependencyInjection.ServiceLookup.CallSiteFactory.TryCreateExact(ServiceDescriptor descriptor, Type serviceType, CallSiteChain callSiteChain, Int32 slot)
   at Microsoft.Extensions.DependencyInjection.ServiceLookup.CallSiteFactory.GetCallSite(ServiceDescriptor serviceDescriptor, CallSiteChain callSiteChain)
   at Microsoft.Extensions.DependencyInjection.ServiceProvider.ValidateService(ServiceDescriptor descriptor)
   --- End of inner exception stack trace ---
   at Microsoft.Extensions.DependencyInjection.ServiceProvider.ValidateService(ServiceDescriptor descriptor)
   at Microsoft.Extensions.DependencyInjection.ServiceProvider..ctor(ICollection`1 serviceDescriptors, ServiceProviderOptions options)
   --- End of inner exception stack trace ---
   at Microsoft.Extensions.DependencyInjection.ServiceProvider..ctor(ICollection`1 serviceDescriptors, ServiceProviderOptions options)
   at Microsoft.Extensions.DependencyInjection.ServiceCollectionContainerBuilderExtensions.BuildServiceProvider(IServiceCollection services, ServiceProviderOptions options)
   at Microsoft.Extensions.DependencyInjection.DefaultServiceProviderFactory.CreateServiceProvider(IServiceCollection containerBuilder)
   at Microsoft.Extensions.Hosting.Internal.ServiceFactoryAdapter`1.CreateServiceProvider(Object containerBuilder)
   at Microsoft.Extensions.Hosting.HostBuilder.CreateServiceProvider()
   at Microsoft.Extensions.Hosting.HostBuilder.Build()
   at pdipadapter.Program.Main(String[] args) in C:\Users\sookeke\rsbc-dmf\medical-portal\src\PidpAdpater.API\Program.cs:line 26
 ---> (Inner Exception #1) System.InvalidOperationException: Error while validating the service descriptor 'ServiceType: MediatR.IRequestHandler`2[MedicalPortal.API.Features.Users.Commands.CreateUser+Command,PidpAdapter.API.Features.Users.Models.PractitionerContact] Lifetime: Transient ImplementationType: MedicalPortal.API.Features.Users.Commands.CreateUser+CommandHandler': Unable to resolve service for type 'Rsbc.Dmf.CaseManagement.Service.UserManager+UserManagerClient' while attempting to activate 'MedicalPortal.API.Features.Users.Commands.CreateUser+CommandHandler'.
 ---> System.InvalidOperationException: Unable to resolve service for type 'Rsbc.Dmf.CaseManagement.Service.UserManager+UserManagerClient' while attempting to activate 'MedicalPortal.API.Features.Users.Commands.CreateUser+CommandHandler'.
   at Microsoft.Extensions.DependencyInjection.ServiceLookup.CallSiteFactory.CreateArgumentCallSites(Type implementationType, CallSiteChain callSiteChain, ParameterInfo[] parameters, Boolean throwIfCallSiteNotFound)
   at Microsoft.Extensions.DependencyInjection.ServiceLookup.CallSiteFactory.CreateConstructorCallSite(ResultCache lifetime, Type serviceType, Type implementationType, CallSiteChain callSiteChain)
   at Microsoft.Extensions.DependencyInjection.ServiceLookup.CallSiteFactory.TryCreateExact(ServiceDescriptor descriptor, Type serviceType, CallSiteChain callSiteChain, Int32 slot)
   at Microsoft.Extensions.DependencyInjection.ServiceLookup.CallSiteFactory.GetCallSite(ServiceDescriptor serviceDescriptor, CallSiteChain callSiteChain)
   at Microsoft.Extensions.DependencyInjection.ServiceProvider.ValidateService(ServiceDescriptor descriptor)
   --- End of inner exception stack trace ---
   at Microsoft.Extensions.DependencyInjection.ServiceProvider.ValidateService(ServiceDescriptor descriptor)
   at Microsoft.Extensions.DependencyInjection.ServiceProvider..ctor(ICollection`1 serviceDescriptors, ServiceProviderOptions options)<---

[01:29:00 INF] Starting web host
[01:29:00 INF] ### App Version:1.0.0.0 ###
[01:29:00 INF] ### Pidp Adapter Configuration:{"AddressAutocompleteClient":{"ApiKey":"","Url":""},"ConnectionStrings":{"JumDatabase":""},"ChesClient":{"Enabled":false,"Url":"","ClientId":"","ClientSecret":"","TokenUrl":""},"JustinParticipantClient":{"Url":""},"KafkaCluster":{"Url":"","ClientId":"","ClientSecret":"","BoostrapServers":"","TopicName":""},"Keycloak":{"RealmUrl":"https://dev.common-sso.justice.gov.bc.ca/auth/realms/DEMSDEV","WellKnownConfig":"https://dev.common-sso.justice.gov.bc.ca/auth/realms/DEMSDEV/.well-known/openid-configuration","TokenUrl":"https://dev.common-sso.justice.gov.bc.ca/auth/realms/DEMSDEV/protocol/openid-connect/token","AdministrationUrl":"https://dev.common-sso.justice.gov.bc.ca/auth/admin/realms/DEMSDEV","AdministrationClientId":"PIDP-WEBAPP","AdministrationClientSecret":"\u003Credacted\u003E","HcimClientId":"HCIMWEB"},"MailServer":{"Url":"","Port":0},"PidpEndorsementAPI":{"Url":"https://dev.healthprovideridentityportal.gov.bc.ca/api","ClientId":"DMFT-WEBAPI","ClientSecret":"\u003Credacted\u003E","TokenUrl":"https://common-logon-dev.hlth.gov.bc.ca/auth/realms/moh_applications/protocol/openid-connect/token"}} ###
[01:29:01 FTL] Host terminated unexpectedly
System.AggregateException: Some services are not able to be constructed (Error while validating the service descriptor 'ServiceType: MediatR.IRequestHandler`2[MedicalPortal.API.Features.Users.Queries.PractitionerContactQuery+Query,PidpAdapter.API.Features.Users.Models.PractitionerContactResponse] Lifetime: Transient ImplementationType: MedicalPortal.API.Features.Users.Queries.PractitionerContactQuery+QueryHandler': Unable to resolve service for type 'Rsbc.Dmf.CaseManagement.Service.UserManager+UserManagerClient' while attempting to activate 'MedicalPortal.API.Features.Users.Queries.PractitionerContactQuery+QueryHandler'.) (Error while validating the service descriptor 'ServiceType: MediatR.IRequestHandler`2[MedicalPortal.API.Features.Users.Commands.CreateUser+Command,PidpAdapter.API.Features.Users.Models.PractitionerContact] Lifetime: Transient ImplementationType: MedicalPortal.API.Features.Users.Commands.CreateUser+CommandHandler': Unable to resolve service for type 'Rsbc.Dmf.CaseManagement.Service.UserManager+UserManagerClient' while attempting to activate 'MedicalPortal.API.Features.Users.Commands.CreateUser+CommandHandler'.)
 ---> System.InvalidOperationException: Error while validating the service descriptor 'ServiceType: MediatR.IRequestHandler`2[MedicalPortal.API.Features.Users.Queries.PractitionerContactQuery+Query,PidpAdapter.API.Features.Users.Models.PractitionerContactResponse] Lifetime: Transient ImplementationType: MedicalPortal.API.Features.Users.Queries.PractitionerContactQuery+QueryHandler': Unable to resolve service for type 'Rsbc.Dmf.CaseManagement.Service.UserManager+UserManagerClient' while attempting to activate 'MedicalPortal.API.Features.Users.Queries.PractitionerContactQuery+QueryHandler'.
 ---> System.InvalidOperationException: Unable to resolve service for type 'Rsbc.Dmf.CaseManagement.Service.UserManager+UserManagerClient' while attempting to activate 'MedicalPortal.API.Features.Users.Queries.PractitionerContactQuery+QueryHandler'.
   at Microsoft.Extensions.DependencyInjection.ServiceLookup.CallSiteFactory.CreateArgumentCallSites(Type implementationType, CallSiteChain callSiteChain, ParameterInfo[] parameters, Boolean throwIfCallSiteNotFound)
   at Microsoft.Extensions.DependencyInjection.ServiceLookup.CallSiteFactory.CreateConstructorCallSite(ResultCache lifetime, Type serviceType, Type implementationType, CallSiteChain callSiteChain)
   at Microsoft.Extensions.DependencyInjection.ServiceLookup.CallSiteFactory.TryCreateExact(ServiceDescriptor descriptor, Type serviceType, CallSiteChain callSiteChain, Int32 slot)
   at Microsoft.Extensions.DependencyInjection.ServiceLookup.CallSiteFactory.GetCallSite(ServiceDescriptor serviceDescriptor, CallSiteChain callSiteChain)
   at Microsoft.Extensions.DependencyInjection.ServiceProvider.ValidateService(ServiceDescriptor descriptor)
   --- End of inner exception stack trace ---
   at Microsoft.Extensions.DependencyInjection.ServiceProvider.ValidateService(ServiceDescriptor descriptor)
   at Microsoft.Extensions.DependencyInjection.ServiceProvider..ctor(ICollection`1 serviceDescriptors, ServiceProviderOptions options)
   --- End of inner exception stack trace ---
   at Microsoft.Extensions.DependencyInjection.ServiceProvider..ctor(ICollection`1 serviceDescriptors, ServiceProviderOptions options)
   at Microsoft.Extensions.DependencyInjection.ServiceCollectionContainerBuilderExtensions.BuildServiceProvider(IServiceCollection services, ServiceProviderOptions options)
   at Microsoft.Extensions.DependencyInjection.DefaultServiceProviderFactory.CreateServiceProvider(IServiceCollection containerBuilder)
   at Microsoft.Extensions.Hosting.Internal.ServiceFactoryAdapter`1.CreateServiceProvider(Object containerBuilder)
   at Microsoft.Extensions.Hosting.HostBuilder.CreateServiceProvider()
   at Microsoft.Extensions.Hosting.HostBuilder.Build()
   at pdipadapter.Program.Main(String[] args) in C:\Users\sookeke\rsbc-dmf\medical-portal\src\PidpAdpater.API\Program.cs:line 26
 ---> (Inner Exception #1) System.InvalidOperationException: Error while validating the service descriptor 'ServiceType: MediatR.IRequestHandler`2[MedicalPortal.API.Features.Users.Commands.CreateUser+Command,PidpAdapter.API.Features.Users.Models.PractitionerContact] Lifetime: Transient ImplementationType: MedicalPortal.API.Features.Users.Commands.CreateUser+CommandHandler': Unable to resolve service for type 'Rsbc.Dmf.CaseManagement.Service.UserManager+UserManagerClient' while attempting to activate 'MedicalPortal.API.Features.Users.Commands.CreateUser+CommandHandler'.
 ---> System.InvalidOperationException: Unable to resolve service for type 'Rsbc.Dmf.CaseManagement.Service.UserManager+UserManagerClient' while attempting to activate 'MedicalPortal.API.Features.Users.Commands.CreateUser+CommandHandler'.
   at Microsoft.Extensions.DependencyInjection.ServiceLookup.CallSiteFactory.CreateArgumentCallSites(Type implementationType, CallSiteChain callSiteChain, ParameterInfo[] parameters, Boolean throwIfCallSiteNotFound)
   at Microsoft.Extensions.DependencyInjection.ServiceLookup.CallSiteFactory.CreateConstructorCallSite(ResultCache lifetime, Type serviceType, Type implementationType, CallSiteChain callSiteChain)
   at Microsoft.Extensions.DependencyInjection.ServiceLookup.CallSiteFactory.TryCreateExact(ServiceDescriptor descriptor, Type serviceType, CallSiteChain callSiteChain, Int32 slot)
   at Microsoft.Extensions.DependencyInjection.ServiceLookup.CallSiteFactory.GetCallSite(ServiceDescriptor serviceDescriptor, CallSiteChain callSiteChain)
   at Microsoft.Extensions.DependencyInjection.ServiceProvider.ValidateService(ServiceDescriptor descriptor)
   --- End of inner exception stack trace ---
   at Microsoft.Extensions.DependencyInjection.ServiceProvider.ValidateService(ServiceDescriptor descriptor)
   at Microsoft.Extensions.DependencyInjection.ServiceProvider..ctor(ICollection`1 serviceDescriptors, ServiceProviderOptions options)<---

[01:31:06 INF] Starting web host
[01:31:06 INF] ### App Version:1.0.0.0 ###
[01:31:06 INF] ### Pidp Adapter Configuration:{"AddressAutocompleteClient":{"ApiKey":"","Url":""},"ConnectionStrings":{"JumDatabase":""},"ChesClient":{"Enabled":false,"Url":"","ClientId":"","ClientSecret":"","TokenUrl":""},"JustinParticipantClient":{"Url":""},"KafkaCluster":{"Url":"","ClientId":"","ClientSecret":"","BoostrapServers":"","TopicName":""},"Keycloak":{"RealmUrl":"https://dev.common-sso.justice.gov.bc.ca/auth/realms/DEMSDEV","WellKnownConfig":"https://dev.common-sso.justice.gov.bc.ca/auth/realms/DEMSDEV/.well-known/openid-configuration","TokenUrl":"https://dev.common-sso.justice.gov.bc.ca/auth/realms/DEMSDEV/protocol/openid-connect/token","AdministrationUrl":"https://dev.common-sso.justice.gov.bc.ca/auth/admin/realms/DEMSDEV","AdministrationClientId":"PIDP-WEBAPP","AdministrationClientSecret":"\u003Credacted\u003E","HcimClientId":"HCIMWEB"},"MailServer":{"Url":"","Port":0},"PidpEndorsementAPI":{"Url":"https://dev.healthprovideridentityportal.gov.bc.ca/api","ClientId":"DMFT-WEBAPI","ClientSecret":"\u003Credacted\u003E","TokenUrl":"https://common-logon-dev.hlth.gov.bc.ca/auth/realms/moh_applications/protocol/openid-connect/token"}} ###
[01:31:06 FTL] Host terminated unexpectedly
System.AggregateException: Some services are not able to be constructed (Error while validating the service descriptor 'ServiceType: MediatR.IRequestHandler`2[MedicalPortal.API.Features.Users.Queries.PractitionerContactQuery+Query,PidpAdapter.API.Features.Users.Models.PractitionerContactResponse] Lifetime: Transient ImplementationType: MedicalPortal.API.Features.Users.Queries.PractitionerContactQuery+QueryHandler': Unable to resolve service for type 'Rsbc.Dmf.CaseManagement.Service.UserManager+UserManagerClient' while attempting to activate 'MedicalPortal.API.Features.Users.Queries.PractitionerContactQuery+QueryHandler'.) (Error while validating the service descriptor 'ServiceType: MediatR.IRequestHandler`2[MedicalPortal.API.Features.Users.Commands.CreateUser+Command,PidpAdapter.API.Features.Users.Models.PractitionerContact] Lifetime: Transient ImplementationType: MedicalPortal.API.Features.Users.Commands.CreateUser+CommandHandler': Unable to resolve service for type 'Rsbc.Dmf.CaseManagement.Service.UserManager+UserManagerClient' while attempting to activate 'MedicalPortal.API.Features.Users.Commands.CreateUser+CommandHandler'.)
 ---> System.InvalidOperationException: Error while validating the service descriptor 'ServiceType: MediatR.IRequestHandler`2[MedicalPortal.API.Features.Users.Queries.PractitionerContactQuery+Query,PidpAdapter.API.Features.Users.Models.PractitionerContactResponse] Lifetime: Transient ImplementationType: MedicalPortal.API.Features.Users.Queries.PractitionerContactQuery+QueryHandler': Unable to resolve service for type 'Rsbc.Dmf.CaseManagement.Service.UserManager+UserManagerClient' while attempting to activate 'MedicalPortal.API.Features.Users.Queries.PractitionerContactQuery+QueryHandler'.
 ---> System.InvalidOperationException: Unable to resolve service for type 'Rsbc.Dmf.CaseManagement.Service.UserManager+UserManagerClient' while attempting to activate 'MedicalPortal.API.Features.Users.Queries.PractitionerContactQuery+QueryHandler'.
   at Microsoft.Extensions.DependencyInjection.ServiceLookup.CallSiteFactory.CreateArgumentCallSites(Type implementationType, CallSiteChain callSiteChain, ParameterInfo[] parameters, Boolean throwIfCallSiteNotFound)
   at Microsoft.Extensions.DependencyInjection.ServiceLookup.CallSiteFactory.CreateConstructorCallSite(ResultCache lifetime, Type serviceType, Type implementationType, CallSiteChain callSiteChain)
   at Microsoft.Extensions.DependencyInjection.ServiceLookup.CallSiteFactory.TryCreateExact(ServiceDescriptor descriptor, Type serviceType, CallSiteChain callSiteChain, Int32 slot)
   at Microsoft.Extensions.DependencyInjection.ServiceLookup.CallSiteFactory.GetCallSite(ServiceDescriptor serviceDescriptor, CallSiteChain callSiteChain)
   at Microsoft.Extensions.DependencyInjection.ServiceProvider.ValidateService(ServiceDescriptor descriptor)
   --- End of inner exception stack trace ---
   at Microsoft.Extensions.DependencyInjection.ServiceProvider.ValidateService(ServiceDescriptor descriptor)
   at Microsoft.Extensions.DependencyInjection.ServiceProvider..ctor(ICollection`1 serviceDescriptors, ServiceProviderOptions options)
   --- End of inner exception stack trace ---
   at Microsoft.Extensions.DependencyInjection.ServiceProvider..ctor(ICollection`1 serviceDescriptors, ServiceProviderOptions options)
   at Microsoft.Extensions.DependencyInjection.ServiceCollectionContainerBuilderExtensions.BuildServiceProvider(IServiceCollection services, ServiceProviderOptions options)
   at Microsoft.Extensions.DependencyInjection.DefaultServiceProviderFactory.CreateServiceProvider(IServiceCollection containerBuilder)
   at Microsoft.Extensions.Hosting.Internal.ServiceFactoryAdapter`1.CreateServiceProvider(Object containerBuilder)
   at Microsoft.Extensions.Hosting.HostBuilder.CreateServiceProvider()
   at Microsoft.Extensions.Hosting.HostBuilder.Build()
   at pdipadapter.Program.Main(String[] args) in C:\Users\sookeke\rsbc-dmf\medical-portal\src\PidpAdpater.API\Program.cs:line 26
 ---> (Inner Exception #1) System.InvalidOperationException: Error while validating the service descriptor 'ServiceType: MediatR.IRequestHandler`2[MedicalPortal.API.Features.Users.Commands.CreateUser+Command,PidpAdapter.API.Features.Users.Models.PractitionerContact] Lifetime: Transient ImplementationType: MedicalPortal.API.Features.Users.Commands.CreateUser+CommandHandler': Unable to resolve service for type 'Rsbc.Dmf.CaseManagement.Service.UserManager+UserManagerClient' while attempting to activate 'MedicalPortal.API.Features.Users.Commands.CreateUser+CommandHandler'.
 ---> System.InvalidOperationException: Unable to resolve service for type 'Rsbc.Dmf.CaseManagement.Service.UserManager+UserManagerClient' while attempting to activate 'MedicalPortal.API.Features.Users.Commands.CreateUser+CommandHandler'.
   at Microsoft.Extensions.DependencyInjection.ServiceLookup.CallSiteFactory.CreateArgumentCallSites(Type implementationType, CallSiteChain callSiteChain, ParameterInfo[] parameters, Boolean throwIfCallSiteNotFound)
   at Microsoft.Extensions.DependencyInjection.ServiceLookup.CallSiteFactory.CreateConstructorCallSite(ResultCache lifetime, Type serviceType, Type implementationType, CallSiteChain callSiteChain)
   at Microsoft.Extensions.DependencyInjection.ServiceLookup.CallSiteFactory.TryCreateExact(ServiceDescriptor descriptor, Type serviceType, CallSiteChain callSiteChain, Int32 slot)
   at Microsoft.Extensions.DependencyInjection.ServiceLookup.CallSiteFactory.GetCallSite(ServiceDescriptor serviceDescriptor, CallSiteChain callSiteChain)
   at Microsoft.Extensions.DependencyInjection.ServiceProvider.ValidateService(ServiceDescriptor descriptor)
   --- End of inner exception stack trace ---
   at Microsoft.Extensions.DependencyInjection.ServiceProvider.ValidateService(ServiceDescriptor descriptor)
   at Microsoft.Extensions.DependencyInjection.ServiceProvider..ctor(ICollection`1 serviceDescriptors, ServiceProviderOptions options)<---

[01:35:32 INF] Starting web host
[01:35:33 INF] ### App Version:1.0.0.0 ###
[01:35:33 INF] ### Pidp Adapter Configuration:{"AddressAutocompleteClient":{"ApiKey":"","Url":""},"ConnectionStrings":{"JumDatabase":""},"ChesClient":{"Enabled":false,"Url":"","ClientId":"","ClientSecret":"","TokenUrl":""},"JustinParticipantClient":{"Url":""},"KafkaCluster":{"Url":"","ClientId":"","ClientSecret":"","BoostrapServers":"","TopicName":""},"Keycloak":{"RealmUrl":"https://dev.common-sso.justice.gov.bc.ca/auth/realms/DEMSDEV","WellKnownConfig":"https://dev.common-sso.justice.gov.bc.ca/auth/realms/DEMSDEV/.well-known/openid-configuration","TokenUrl":"https://dev.common-sso.justice.gov.bc.ca/auth/realms/DEMSDEV/protocol/openid-connect/token","AdministrationUrl":"https://dev.common-sso.justice.gov.bc.ca/auth/admin/realms/DEMSDEV","AdministrationClientId":"PIDP-WEBAPP","AdministrationClientSecret":"\u003Credacted\u003E","HcimClientId":"HCIMWEB"},"MailServer":{"Url":"","Port":0},"PidpEndorsementAPI":{"Url":"https://dev.healthprovideridentityportal.gov.bc.ca/api","ClientId":"DMFT-WEBAPI","ClientSecret":"\u003Credacted\u003E","TokenUrl":"https://common-logon-dev.hlth.gov.bc.ca/auth/realms/moh_applications/protocol/openid-connect/token"}} ###
[01:35:33 INF] Now listening on: https://localhost:7215
[01:35:33 INF] Application started. Press Ctrl+C to shut down.
[01:35:33 INF] Hosting environment: Development
[01:35:33 INF] Content root path: C:\Users\sookeke\rsbc-dmf\medical-portal\src\PidpAdpater.API
[01:36:01 INF] Application is shutting down...
